#
# A fatal error has been detected by the Java Runtime Environment:
#
#  EXCEPTION_ACCESS_VIOLATION (0xc0000005) at pc=0x0000025b778f579a, pid=29536, tid=28396
#
# JRE version: OpenJDK Runtime Environment OpenLogic-OpenJDK (17.0.11+9) (build 17.0.11+9-adhoc..jdk17u)
# Java VM: OpenJDK 64-Bit Server VM OpenLogic-OpenJDK (17.0.11+9-adhoc..jdk17u, mixed mode, sharing, tiered, compressed oops, compressed class ptrs, g1 gc, windows-amd64)
# Problematic frame:
# j  com.inspien.cepaas.server.OftpServerHelper.createFileName(Lorg/neociclo/odetteftp/protocol/OdetteFtpObject;)Ljava/lang/String;+112
#
# No core dump will be written. Minidumps are not enabled by default on client versions of Windows
#
# If you would like to submit a bug report, please visit:
#   https://techsupport.roguewave.com/
#

---------------  S U M M A R Y ------------

Command Line: -Xdebug -Xnoagent -Djava.compiler=NONE -Xrunjdwp:transport=dt_socket,address=localhost:57414,server=n,suspend=y -ea -XX:+ShowCodeDetailsInExceptionMessages -Dfile.encoding=UTF-8 org.eclipse.jdt.internal.junit.runner.RemoteTestRunner -version 3 -port 57411 -testLoaderClass org.eclipse.jdt.internal.junit5.runner.JUnit5TestLoader -loaderpluginname org.eclipse.jdt.junit5.runtime -testNameFile C:\Users\c1soj\AppData\Local\Temp\testNames13690374644013763821.txt

Host: AMD Ryzen 7 PRO 7840U w/ Radeon 780M Graphics  , 16 cores, 30G,  Windows 11 , 64 bit Build 22621 (10.0.22621.3672)
Time: Fri Aug  9 15:34:55 2024  Windows 11 , 64 bit Build 22621 (10.0.22621.3672) elapsed time: 22.410212 seconds (0d 0h 0m 22s)

---------------  T H R E A D  ---------------

Current thread (0x0000025b5c0fb830):  JavaThread "pool-1-thread-1" [_thread_in_Java, id=28396, stack(0x000000e386000000,0x000000e386100000)]

Stack: [0x000000e386000000,0x000000e386100000],  sp=0x000000e3860fee50,  free space=1019k
Native frames: (J=compiled Java code, j=interpreted, Vv=VM code, C=native code)
C  0x0000025b778f579a

The last pc belongs to invokevirtual (printed below).

siginfo: EXCEPTION_ACCESS_VIOLATION (0xc0000005), reading address 0x0000025b57cf2bf8


Registers:
RAX=0x0000000000000024, RBX=0x00000000000000b6, RCX=0x0000025b57b5ea18, RDX=0x0000000000032838
RSP=0x000000e3860fee50, RBP=0x000000e3860feea8, RSI=0x0000000000000000, RDI=0x0000025b778d9f1c
R8 =0x0000000000000004, R9 =0x0000000000000004, R10=0x00007ffa50ab8210, R11=0x0000025b16061560
R12=0x0000000000000000, R13=0x0000025b57b5b618, R14=0x000000e3860feee0, R15=0x0000025b5c0fb830
RIP=0x0000025b778f579a, EFLAGS=0x0000000000010212


Register to memory mapping:

RIP=0x0000025b778f579a is at code_begin+58 in an Interpreter codelet
invokevirtual  182 invokevirtual  [0x0000025b778f5760, 0x0000025b778f5d60]  1536 bytes
RAX=0x0000000000000024 is an unknown value
RBX=0x00000000000000b6 is an unknown value
RCX=0x0000025b57b5ea18 is pointing into metadata
RDX=0x0000000000032838 is an unknown value
RSP=0x000000e3860fee50 is pointing into the stack for thread: 0x0000025b5c0fb830
RBP=0x000000e3860feea8 is pointing into the stack for thread: 0x0000025b5c0fb830
RSI=0x0 is NULL
RDI=0x0000025b778d9f1c is at code_begin+3516 in an Interpreter codelet
return entry points  [0x0000025b778d9160, 0x0000025b778db3c0]  8800 bytes
R8 =0x0000000000000004 is an unknown value
R9 =0x0000000000000004 is an unknown value
R10=0x00007ffa50ab8210 jvm.dll
R11={method} {0x0000025b16061568} 'append' '(Ljava/lang/String;)Ljava/lang/StringBuffer;' in 'java/lang/StringBuffer'
R12=0x0 is NULL
R13=0x0000025b57b5b618 is pointing into metadata
R14=0x000000e3860feee0 is pointing into the stack for thread: 0x0000025b5c0fb830
R15=0x0000025b5c0fb830 is a thread


Top of Stack: (sp=0x000000e3860fee50)
0x000000e3860fee50:   0000000000000024 000000063317c578
0x000000e3860fee60:   000000e3860fee60 0000025b57b5b618
0x000000e3860fee70:   000000e3860feee0 0000025b57b5ea18
0x000000e3860fee80:   0000000000000000 00000006335c64e8
0x000000e3860fee90:   0000025b57b5b6c0 0000000000000000
0x000000e3860feea0:   000000e3860feee0 000000e3860fef30
0x000000e3860feeb0:   0000025b778da44e 0000000000000000
0x000000e3860feec0:   000000063317ee60 000000063317c578
0x000000e3860feed0:   000000063349f898 0000000000000000
0x000000e3860feee0:   000000063349f898 000000e3860feee8
0x000000e3860feef0:   0000025b57b62634 000000e3860fef78
0x000000e3860fef00:   0000025b57b628d0 0000000000000000
0x000000e3860fef10:   00000006330a05c0 0000025b57b62750
0x000000e3860fef20:   000000e3860feee0 000000e3860fef78
0x000000e3860fef30:   000000e3860fefc8 0000025b778dacde
0x000000e3860fef40:   0000000000000000 0000000000000000
0x000000e3860fef50:   0000000000000000 0000000000000000
0x000000e3860fef60:   0000000000000000 0000000000000000
0x000000e3860fef70:   0000000000000000 00000006330a0710
0x000000e3860fef80:   000000e3860fef80 0000025b573f8fa4
0x000000e3860fef90:   000000e3860fefd8 0000025b573f9108
0x000000e3860fefa0:   0000000000000000 00000006330a3b58
0x000000e3860fefb0:   0000025b573f8fc8 000000e3860fef78
0x000000e3860fefc0:   000000e3860fefd8 000000e3860ff028
0x000000e3860fefd0:   0000025b778db210 00000006330a3bf0
0x000000e3860fefe0:   000000e3860fefe0 0000025b573f768f
0x000000e3860feff0:   000000e3860ff068 0000025b573f81b0
0x000000e3860ff000:   0000000000000000 00000006330a2df8
0x000000e3860ff010:   0000025b573f7790 000000e3860fefd8
0x000000e3860ff020:   000000e3860ff068 000000e3860ff0b8
0x000000e3860ff030:   0000025b778dacde 0000000000000000
0x000000e3860ff040:   0000000000000000 0000000000000000 

Instructions: (pc=0x0000025b778f579a)
0x0000025b778f569a:   ff e0 49 8b 8f 90 04 00 00 48 85 c9 0f 84 59 00
0x0000025b778f56aa:   00 00 8b 89 8c 00 00 00 83 f9 01 0f 85 4a 00 00
0x0000025b778f56ba:   00 49 8b 8f 90 04 00 00 8b 89 90 00 00 00 48 83
0x0000025b778f56ca:   ec 20 f7 c4 0f 00 00 00 0f 84 1a 00 00 00 48 83
0x0000025b778f56da:   ec 08 49 ba 50 fb 28 50 fa 7f 00 00 41 ff d2 48
0x0000025b778f56ea:   83 c4 08 e9 0d 00 00 00 49 ba 50 fb 28 50 fa 7f
0x0000025b778f56fa:   00 00 41 ff d2 48 83 c4 20 ff e0 49 81 7f 08 00
0x0000025b778f570a:   00 00 00 0f 84 05 00 00 00 e9 e8 b7 fd ff 4c 8b
0x0000025b778f571a:   6d c0 4c 8b 75 c8 c3 eb 04 45 88 4d 00 41 0f b6
0x0000025b778f572a:   5d 03 49 83 c5 03 49 ba 10 aa ab 50 fa 7f 00 00
0x0000025b778f573a:   41 ff 24 da 66 90 90 e0 82 50 fa 7f 00 00 20 06
0x0000025b778f574a:   00 00 b6 00 00 00 00 00 00 00 00 00 00 00 00 00
0x0000025b778f575a:   00 00 00 00 00 00 48 83 ec 08 c5 fa 11 04 24 eb
0x0000025b778f576a:   1f 48 83 ec 10 c5 fb 11 04 24 eb 14 48 83 ec 10
0x0000025b778f577a:   48 89 04 24 48 c7 44 24 08 00 00 00 00 eb 01 50
0x0000025b778f578a:   4c 89 6d c0 41 0f b7 55 01 48 8b 4d d0 c1 e2 02
0x0000025b778f579a:   8b 5c d1 20 c1 eb 18 81 e3 ff 00 00 00 81 fb b6
0x0000025b778f57aa:   00 00 00 0f 84 7b 01 00 00 bb b6 00 00 00 e8 05
0x0000025b778f57ba:   00 00 00 e9 60 01 00 00 48 8b d3 48 8d 44 24 08
0x0000025b778f57ca:   4c 89 6d c0 49 8b cf c5 f8 77 49 89 af a8 02 00
0x0000025b778f57da:   00 49 89 87 98 02 00 00 48 83 ec 20 f7 c4 0f 00
0x0000025b778f57ea:   00 00 0f 84 1a 00 00 00 48 83 ec 08 49 ba 80 57
0x0000025b778f57fa:   29 50 fa 7f 00 00 41 ff d2 48 83 c4 08 e9 0d 00
0x0000025b778f580a:   00 00 49 ba 80 57 29 50 fa 7f 00 00 41 ff d2 48
0x0000025b778f581a:   83 c4 20 49 c7 87 98 02 00 00 00 00 00 00 49 c7
0x0000025b778f582a:   87 a8 02 00 00 00 00 00 00 49 c7 87 a0 02 00 00
0x0000025b778f583a:   00 00 00 00 c5 f8 77 41 8b 8f 0c 04 00 00 f7 c1
0x0000025b778f584a:   01 00 00 00 0f 84 49 00 00 00 f7 c1 02 00 00 00
0x0000025b778f585a:   0f 85 3d 00 00 00 48 83 ec 20 f7 c4 0f 00 00 00
0x0000025b778f586a:   0f 84 1a 00 00 00 48 83 ec 08 49 ba 60 fb 28 50
0x0000025b778f587a:   fa 7f 00 00 41 ff d2 48 83 c4 08 e9 0d 00 00 00
0x0000025b778f588a:   49 ba 60 fb 28 50 fa 7f 00 00 41 ff d2 48 83 c4 


Stack slot to memory mapping:
stack at sp + 0 slots: 0x0000000000000024 is an unknown value
stack at sp + 1 slots: 0x000000063317c578 is an oop: java.lang.StringBuffer 
{0x000000063317c578} - klass: 'java/lang/StringBuffer'
 - ---- fields (total size 4 words):
 - 'count' 'I' @12  41 (29)
 - 'coder' 'B' @16  0
 - 'value' '[B' @20  [B{0x000000063317eeb0} (c662fdd6)
 - private transient 'toStringCache' 'Ljava/lang/String;' @24  NULL (0)
stack at sp + 2 slots: 0x000000e3860fee60 is pointing into the stack for thread: 0x0000025b5c0fb830
stack at sp + 3 slots: 0x0000025b57b5b618 is pointing into metadata
stack at sp + 4 slots: 0x000000e3860feee0 is pointing into the stack for thread: 0x0000025b5c0fb830
stack at sp + 5 slots: 0x0000025b57b5ea18 is pointing into metadata
stack at sp + 6 slots: 0x0 is NULL
stack at sp + 7 slots: 0x00000006335c64e8 is an oop: java.lang.Class 
{0x00000006335c64e8} - klass: 'java/lang/Class'
 - ---- fields (total size 15 words):
 - private volatile transient 'classRedefinedCount' 'I' @12  1
 - private volatile transient 'cachedConstructor' 'Ljava/lang/reflect/Constructor;' @40  NULL (0)
 - private transient 'name' 'Ljava/lang/String;' @44  "com.inspien.cepaas.server.OftpServerHelper"{0x00000006335c6570} (c66b8cae)
 - private transient 'module' 'Ljava/lang/Module;' @48  a 'java/lang/Module'{0x00000006154694b0} (c2a8d296)
 - private final 'classLoader' 'Ljava/lang/ClassLoader;' @52  a 'jdk/internal/loader/ClassLoaders$AppClassLoader'{0x0000000615467dc0} (c2a8cfb8)
 - private transient 'classData' 'Ljava/lang/Object;' @56  NULL (0)
 - private transient 'packageName' 'Ljava/lang/String;' @60  "com.inspien.cepaas.server"{0x000000061555dab0} (c2aabb56)
 - private final 'componentType' 'Ljava/lang/Class;' @64  NULL (0)
 - private volatile transient 'reflectionData' 'Ljava/lang/ref/SoftReference;' @68  a 'java/lang/ref/SoftReference'{0x00000006330823b8} (c6610477)
 - private volatile transient 'genericInfo' 'Lsun/reflect/generics/repository/ClassRepository;' @72  a 'sun/reflect/generics/repository/ClassRepository'{0x0000000632046688} (c6408cd1)
 - private volatile transient 'enumConstants' '[Ljava/lang/Object;' @76  NULL (0)
 - private volatile transient 'enumConstantDirectory' 'Ljava/util/Map;' @80  NULL (0)
 - private volatile transient 'annotationData' 'Ljava/lang/Class$AnnotationData;' @84  a 'java/lang/Class$AnnotationData'{0x00000006335f5518} (c66beaa3)
 - private volatile transient 'annotationType' 'Lsun/reflect/annotation/AnnotationType;' @88  NULL (0)
 - transient 'classValueMap' 'Ljava/lang/ClassValue$ClassValueMap;' @92  NULL (0)
 - signature: Lcom/inspien/cepaas/server/OftpServerHelper;
 - fake entry for mirror: 'com/inspien/cepaas/server/OftpServerHelper'
 - fake entry for array: NULL
 - fake entry for oop_size: 15
 - fake entry for static_oop_field_count: 2
 - private static final 'LOGGER' 'Lorg/slf4j/Logger;' @112  a 'org/slf4j/simple/SimpleLogger'{0x00000006335c70c0} (c66b8e18)
 - private static final 'EXCHANGES_FILENAME_FILTER' 'Ljava/io/FilenameFilter;' @116  a 'com/inspien/cepaas/server/OftpServerHelper$1'{0x00000006335c92d8} (c66b925b)

invokevirtual  182 invokevirtual  [0x0000025b778f5760, 0x0000025b778f5d60]  1536 bytes
[MachCode]
  0x0000025b778f5760: 4883 ec08 | c5fa 1104 | 24eb 1f48 | 83ec 10c5 | fb11 0424 | eb14 4883 | ec10 4889 | 0424 48c7 
  0x0000025b778f5780: 4424 0800 | 0000 00eb | 0150 4c89 | 6dc0 410f | b755 0148 | 8b4d d0c1 | e202 8b5c | d120 c1eb 
  0x0000025b778f57a0: 1881 e3ff | 0000 0081 | fbb6 0000 | 000f 847b | 0100 00bb | b600 0000 | e805 0000 | 00e9 6001 
  0x0000025b778f57c0: 0000 488b | d348 8d44 | 2408 4c89 | 6dc0 498b | cfc5 f877 | 4989 afa8 | 0200 0049 | 8987 9802 
  0x0000025b778f57e0: 0000 4883 | ec20 f7c4 | 0f00 0000 | 0f84 1a00 | 0000 4883 | ec08 49ba | 8057 2950 | fa7f 0000 
  0x0000025b778f5800: 41ff d248 | 83c4 08e9 | 0d00 0000 | 49ba 8057 | 2950 fa7f | 0000 41ff | d248 83c4 | 2049 c787 
  0x0000025b778f5820: 9802 0000 | 0000 0000 | 49c7 87a8 | 0200 0000 | 0000 0049 | c787 a002 | 0000 0000 | 0000 c5f8 
  0x0000025b778f5840: 7741 8b8f | 0c04 0000 | f7c1 0100 | 0000 0f84 | 4900 0000 | f7c1 0200 | 0000 0f85 | 3d00 0000 
  0x0000025b778f5860: 4883 ec20 | f7c4 0f00 | 0000 0f84 | 1a00 0000 | 4883 ec08 | 49ba 60fb | 2850 fa7f | 0000 41ff 
  0x0000025b778f5880: d248 83c4 | 08e9 0d00 | 0000 49ba | 60fb 2850 | fa7f 0000 | 41ff d248 | 83c4 20ff | e049 8b8f 
  0x0000025b778f58a0: 9004 0000 | 4885 c90f | 8459 0000 | 008b 898c | 0000 0083 | f901 0f85 | 4a00 0000 | 498b 8f90 
  0x0000025b778f58c0: 0400 008b | 8990 0000 | 0048 83ec | 20f7 c40f | 0000 000f | 841a 0000 | 0048 83ec | 0849 ba50 
  0x0000025b778f58e0: fb28 50fa | 7f00 0041 | ffd2 4883 | c408 e90d | 0000 0049 | ba50 fb28 | 50fa 7f00 | 0041 ffd2 
  0x0000025b778f5900: 4883 c420 | ffe0 4981 | 7f08 0000 | 0000 0f84 | 0500 0000 | e9e7 b5fd | ff4c 8b6d | c04c 8b75 
  0x0000025b778f5920: c8c3 410f | b755 0148 | 8b4d d0c1 | e202 488b | 5cd1 308b | 54d1 388b | ca81 e1ff | 0000 0048 
  0x0000025b778f5940: 8b4c ccf8 | 448b eac1 | ea1c 49ba | 2061 ab50 | fa7f 0000 | 498b 14d2 | 5241 8bd5 | 4c8b 6dc0 
  0x0000025b778f5960: 8bc2 81e0 | 0000 1000 | 0f84 9f01 | 0000 483b | 0148 8b45 | d848 85c0 | 0f84 1200 | 0000 4883 
  0x0000025b778f5980: 4008 0148 | 8358 0800 | 4883 c038 | 4889 45d8 | 488b 45d8 | 4885 c00f | 8457 0100 | 0080 78c8 
  0x0000025b778f59a0: 0b0f 854d | 0100 0048 | 83c0 084c | 8b68 f841 | 83ed 0041 | 83fd 020f | 8c2c 0100 | 004c 8b6b 
  0x0000025b778f59c0: 0845 0fb7 | 6d2c 4c2b | 2841 83ed | 014e 8b6c | ec08 4d85 | ed75 1248 | f740 0801 | 0000 0075 
  0x0000025b778f59e0: 61f0 4883 | 4808 01eb | 5945 8b6d | 0849 ba00 | 0000 165b | 0200 004d | 03ea 4d8b | d54c 3368 
  0x0000025b778f5a00: 0849 f7c5 | fcff ffff | 7438 49f7 | c502 0000 | 0075 2f48 | 8178 0800 | 0000 0074 | 2148 8178 
  0x0000025b778f5a20: 0801 0000 | 0074 174d | 8bea 4c33 | 6808 49f7 | c5fc ffff | ff74 0b48 | 8348 0802 | eb04 4c89 
  0x0000025b778f5a40: 6808 4883 | c010 4c8b | 68e8 4183 | ed02 4183 | fd02 0f8c | 9100 0000 | 4c8b 6b08 | 450f b76d 
  0x0000025b778f5a60: 2c4c 2b28 | 4183 ed01 | 4e8b 6cec | 084d 85ed | 7512 48f7 | 4008 0100 | 0000 7561 | f048 8348 
  0x0000025b778f5a80: 0801 eb59 | 458b 6d08 | 49ba 0000 | 0016 5b02 | 0000 4d03 | ea4d 8bd5 | 4c33 6808 | 49f7 c5fc 
  0x0000025b778f5aa0: ffff ff74 | 3849 f7c5 | 0200 0000 | 752f 4881 | 7808 0000 | 0000 7421 | 4881 7808 | 0100 0000 
  0x0000025b778f5ac0: 7417 4d8b | ea4c 3368 | 0849 f7c5 | fcff ffff | 740b 4883 | 4808 02eb | 044c 8968 | 0848 83c0 
  0x0000025b778f5ae0: 104c 8b68 | d841 83ed | 0441 c1e5 | 0349 03c5 | 4889 45d8 | 4c8d 6c24 | 084c 896d | f041 80bf 
  0x0000025b778f5b00: 9804 0000 | 0074 03ff | 6338 ff63 | 508b 4108 | 49ba 0000 | 0016 5b02 | 0000 4903 | c24c 8b75 
  0x0000025b778f5b20: d84d 85f6 | 0f84 9500 | 0000 498b | 5618 483b | d00f 850f | 0000 0049 | 8346 2001 | 4983 5e20 
  0x0000025b778f5b40: 00e9 7100 | 0000 4885 | d20f 8442 | 0000 0049 | 8b56 2848 | 3bd0 0f85 | 0f00 0000 | 4983 4630 
  0x0000025b778f5b60: 0149 835e | 3000 e94c | 0000 0048 | 85d2 740f | 4983 4608 | 0149 835e | 0800 e938 | 0000 0049 
  0x0000025b778f5b80: 8946 28ba | 0100 0000 | 4989 5630 | e926 0000 | 0049 3b46 | 280f 850f | 0000 0049 | 8346 3001 
  0x0000025b778f5ba0: 4983 5e30 | 00e9 0d00 | 0000 4989 | 4618 ba01 | 0000 0049 | 8956 2049 | 83c6 384c | 8975 d848 
  0x0000025b778f5bc0: 8b9c d8c8 | 0100 0048 | 8b55 d848 | 85d2 0f84 | 5701 0000 | 807a c80b | 0f85 4d01 | 0000 4883 
  0x0000025b778f5be0: c208 4c8b | 6af8 4183 | ed00 4183 | fd02 0f8c | 2c01 0000 | 4c8b 6b08 | 450f b76d | 2c4c 2b2a 
  0x0000025b778f5c00: 4183 ed01 | 4e8b 6cec | 084d 85ed | 7512 48f7 | 4208 0100 | 0000 7561 | f048 834a | 0801 eb59 
  0x0000025b778f5c20: 458b 6d08 | 49ba 0000 | 0016 5b02 | 0000 4d03 | ea4d 8bd5 | 4c33 6a08 | 49f7 c5fc | ffff ff74 
  0x0000025b778f5c40: 3849 f7c5 | 0200 0000 | 752f 4881 | 7a08 0000 | 0000 7421 | 4881 7a08 | 0100 0000 | 7417 4d8b 
  0x0000025b778f5c60: ea4c 336a | 0849 f7c5 | fcff ffff | 740b 4883 | 4a08 02eb | 044c 896a | 0848 83c2 | 104c 8b6a 
  0x0000025b778f5c80: e841 83ed | 0241 83fd | 020f 8c91 | 0000 004c | 8b6b 0845 | 0fb7 6d2c | 4c2b 2a41 | 83ed 014e 
  0x0000025b778f5ca0: 8b6c ec08 | 4d85 ed75 | 1248 f742 | 0801 0000 | 0075 61f0 | 4883 4a08 | 01eb 5945 | 8b6d 0849 
  0x0000025b778f5cc0: ba00 0000 | 165b 0200 | 004d 03ea | 4d8b d54c | 336a 0849 | f7c5 fcff | ffff 7438 | 49f7 c502 
  0x0000025b778f5ce0: 0000 0075 | 2f48 817a | 0800 0000 | 0074 2148 | 817a 0801 | 0000 0074 | 174d 8bea | 4c33 6a08 
  0x0000025b778f5d00: 49f7 c5fc | ffff ff74 | 0b48 834a | 0802 eb04 | 4c89 6a08 | 4883 c210 | 4c8b 6ad8 | 4183 ed04 
  0x0000025b778f5d20: 41c1 e503 | 4903 d548 | 8955 d84c | 8d6c 2408 | 4c89 6df0 | 4180 bf98 | 0400 0000 | 7403 ff63 
  0x0000025b778f5d40: 38ff 6350 | 0f1f 4000 | 0000 0000 | 0000 0000 | 0000 0000 | 0000 0000 | 0000 0000 | 0000 0000 
[/MachCode]

---------------  P R O C E S S  ---------------

Threads class SMR info:
_java_thread_list=0x0000025b5ca777e0, length=17, elements={
0x0000025b653ee260, 0x0000025b7ff86c00, 0x0000025b7ff895d0, 0x0000025b7ffa3f40,
0x0000025b7ffa4810, 0x0000025b7ffa51d0, 0x0000025b7ffa8bb0, 0x0000025b7ffa98a0,
0x0000025b7ffaa350, 0x0000025b7ffaad50, 0x0000025b153a7f50, 0x0000025b153a9a30,
0x0000025b153aa120, 0x0000025b153afef0, 0x0000025b153b9480, 0x0000025b5c0fb830,
0x0000025b5cd76a00
}

Java Threads: ( => current thread )
  0x0000025b653ee260 JavaThread "main" [_thread_blocked, id=30484, stack(0x000000e383c00000,0x000000e383d00000)]
  0x0000025b7ff86c00 JavaThread "Reference Handler" daemon [_thread_blocked, id=33656, stack(0x000000e384300000,0x000000e384400000)]
  0x0000025b7ff895d0 JavaThread "Finalizer" daemon [_thread_blocked, id=25672, stack(0x000000e384400000,0x000000e384500000)]
  0x0000025b7ffa3f40 JavaThread "Signal Dispatcher" daemon [_thread_blocked, id=22808, stack(0x000000e384500000,0x000000e384600000)]
  0x0000025b7ffa4810 JavaThread "Attach Listener" daemon [_thread_blocked, id=25372, stack(0x000000e384600000,0x000000e384700000)]
  0x0000025b7ffa51d0 JavaThread "Service Thread" daemon [_thread_blocked, id=35892, stack(0x000000e384700000,0x000000e384800000)]
  0x0000025b7ffa8bb0 JavaThread "Monitor Deflation Thread" daemon [_thread_blocked, id=15816, stack(0x000000e384800000,0x000000e384900000)]
  0x0000025b7ffa98a0 JavaThread "C2 CompilerThread0" daemon [_thread_blocked, id=22796, stack(0x000000e384900000,0x000000e384a00000)]
  0x0000025b7ffaa350 JavaThread "C1 CompilerThread0" daemon [_thread_blocked, id=40336, stack(0x000000e384a00000,0x000000e384b00000)]
  0x0000025b7ffaad50 JavaThread "Sweeper thread" daemon [_thread_blocked, id=11128, stack(0x000000e384b00000,0x000000e384c00000)]
  0x0000025b153a7f50 JavaThread "JDWP Transport Listener: dt_socket" daemon [_thread_blocked, id=32404, stack(0x000000e384d00000,0x000000e384e00000)]
  0x0000025b153a9a30 JavaThread "JDWP Event Helper Thread" daemon [_thread_blocked, id=36472, stack(0x000000e384e00000,0x000000e384f00000)]
  0x0000025b153aa120 JavaThread "JDWP Command Reader" daemon [_thread_in_native, id=28760, stack(0x000000e384f00000,0x000000e385000000)]
  0x0000025b153afef0 JavaThread "Notification Thread" daemon [_thread_blocked, id=39884, stack(0x000000e385000000,0x000000e385100000)]
  0x0000025b153b9480 JavaThread "Common-Cleaner" daemon [_thread_blocked, id=12204, stack(0x000000e385200000,0x000000e385300000)]
=>0x0000025b5c0fb830 JavaThread "pool-1-thread-1" [_thread_in_Java, id=28396, stack(0x000000e386000000,0x000000e386100000)]
  0x0000025b5cd76a00 JavaThread "Thread-0" [_thread_blocked, id=6060, stack(0x000000e386400000,0x000000e386500000)]

Other Threads:
  0x0000025b7ff814a0 VMThread "VM Thread" [stack: 0x000000e384200000,0x000000e384300000] [id=35204]
  0x0000025b153b03d0 WatcherThread [stack: 0x000000e385100000,0x000000e385200000] [id=36776]
  0x0000025b6768c720 GCTaskThread "GC Thread#0" [stack: 0x000000e383d00000,0x000000e383e00000] [id=32368]
  0x0000025b5b5b1be0 GCTaskThread "GC Thread#1" [stack: 0x000000e385300000,0x000000e385400000] [id=25808]
  0x0000025b5b5b1920 GCTaskThread "GC Thread#2" [stack: 0x000000e385500000,0x000000e385600000] [id=29148]
  0x0000025b5b5b2160 GCTaskThread "GC Thread#3" [stack: 0x000000e385800000,0x000000e385900000] [id=23608]
  0x0000025b5b5b1ea0 GCTaskThread "GC Thread#4" [stack: 0x000000e385900000,0x000000e385a00000] [id=26768]
  0x0000025b5b5b05e0 GCTaskThread "GC Thread#5" [stack: 0x000000e385a00000,0x000000e385b00000] [id=33560]
  0x0000025b5b5b13a0 GCTaskThread "GC Thread#6" [stack: 0x000000e385b00000,0x000000e385c00000] [id=24448]
  0x0000025b5b5b08a0 GCTaskThread "GC Thread#7" [stack: 0x000000e385c00000,0x000000e385d00000] [id=33340]
  0x0000025b5b5b0b60 GCTaskThread "GC Thread#8" [stack: 0x000000e385d00000,0x000000e385e00000] [id=22160]
  0x0000025b5b5b1660 GCTaskThread "GC Thread#9" [stack: 0x000000e385e00000,0x000000e385f00000] [id=36540]
  0x0000025b5c224dd0 GCTaskThread "GC Thread#10" [stack: 0x000000e385f00000,0x000000e386000000] [id=35588]
  0x0000025b5c225610 GCTaskThread "GC Thread#11" [stack: 0x000000e386200000,0x000000e386300000] [id=35764]
  0x0000025b5c2242d0 GCTaskThread "GC Thread#12" [stack: 0x000000e386300000,0x000000e386400000] [id=15196]
  0x0000025b7fdcf840 ConcurrentGCThread "G1 Main Marker" [stack: 0x000000e383e00000,0x000000e383f00000] [id=24804]
  0x0000025b7fdd0260 ConcurrentGCThread "G1 Conc#0" [stack: 0x000000e383f00000,0x000000e384000000] [id=33280]
  0x0000025b7febc730 ConcurrentGCThread "G1 Refine#0" [stack: 0x000000e384000000,0x000000e384100000] [id=31232]
  0x0000025b7febd160 ConcurrentGCThread "G1 Service" [stack: 0x000000e384100000,0x000000e384200000] [id=38108]

Threads with active compile tasks:

VM state: not at safepoint (normal execution)

VM Mutex/Monitor currently owned by a thread: None

Heap address: 0x0000000615400000, size: 7852 MB, Compressed Oops mode: Zero based, Oop shift amount: 3

CDS archive(s) mapped at: [0x0000025b16000000-0x0000025b16bc0000-0x0000025b16bc0000), size 12320768, SharedBaseAddress: 0x0000025b16000000, ArchiveRelocationMode: 1.
Compressed class space mapped at: 0x0000025b17000000-0x0000025b57000000, reserved size: 1073741824
Narrow klass base: 0x0000025b16000000, Narrow klass shift: 0, Narrow klass range: 0x100000000

GC Precious Log:
 CPUs: 16 total, 16 available
 Memory: 31401M
 Large Page Support: Disabled
 NUMA Support: Disabled
 Compressed Oops: Enabled (Zero based)
 Heap Region Size: 4M
 Heap Min Capacity: 8M
 Heap Initial Capacity: 492M
 Heap Max Capacity: 7852M
 Pre-touch: Disabled
 Parallel Workers: 13
 Concurrent Workers: 3
 Concurrent Refinement Workers: 13
 Periodic GC: Disabled

Heap:
 garbage-first heap   total 503808K, used 22276K [0x0000000615400000, 0x0000000800000000)
  region size 4096K, 6 young (24576K), 1 survivors (4096K)
 Metaspace       used 14150K, committed 14400K, reserved 1114112K
  class space    used 2174K, committed 2304K, reserved 1048576K

Heap Regions: E=young(eden), S=young(survivor), O=old, HS=humongous(starts), HC=humongous(continues), CS=collection set, F=free, OA=open archive, CA=closed archive, TAMS=top-at-mark-start (previous, next)
|   0|0x0000000615400000, 0x0000000615800000, 0x0000000615800000|100%| O|  |TAMS 0x0000000615400000, 0x0000000615400000| Untracked 
|   1|0x0000000615800000, 0x0000000615849000, 0x0000000615c00000|  7%| O|  |TAMS 0x0000000615800000, 0x0000000615800000| Untracked 
|   2|0x0000000615c00000, 0x0000000615c00000, 0x0000000616000000|  0%| F|  |TAMS 0x0000000615c00000, 0x0000000615c00000| Untracked 
|   3|0x0000000616000000, 0x0000000616000000, 0x0000000616400000|  0%| F|  |TAMS 0x0000000616000000, 0x0000000616000000| Untracked 
|   4|0x0000000616400000, 0x0000000616400000, 0x0000000616800000|  0%| F|  |TAMS 0x0000000616400000, 0x0000000616400000| Untracked 
|   5|0x0000000616800000, 0x0000000616800000, 0x0000000616c00000|  0%| F|  |TAMS 0x0000000616800000, 0x0000000616800000| Untracked 
|   6|0x0000000616c00000, 0x0000000616c00000, 0x0000000617000000|  0%| F|  |TAMS 0x0000000616c00000, 0x0000000616c00000| Untracked 
|   7|0x0000000617000000, 0x0000000617000000, 0x0000000617400000|  0%| F|  |TAMS 0x0000000617000000, 0x0000000617000000| Untracked 
|   8|0x0000000617400000, 0x0000000617400000, 0x0000000617800000|  0%| F|  |TAMS 0x0000000617400000, 0x0000000617400000| Untracked 
|   9|0x0000000617800000, 0x0000000617800000, 0x0000000617c00000|  0%| F|  |TAMS 0x0000000617800000, 0x0000000617800000| Untracked 
|  10|0x0000000617c00000, 0x0000000617c00000, 0x0000000618000000|  0%| F|  |TAMS 0x0000000617c00000, 0x0000000617c00000| Untracked 
|  11|0x0000000618000000, 0x0000000618000000, 0x0000000618400000|  0%| F|  |TAMS 0x0000000618000000, 0x0000000618000000| Untracked 
|  12|0x0000000618400000, 0x0000000618400000, 0x0000000618800000|  0%| F|  |TAMS 0x0000000618400000, 0x0000000618400000| Untracked 
|  13|0x0000000618800000, 0x0000000618800000, 0x0000000618c00000|  0%| F|  |TAMS 0x0000000618800000, 0x0000000618800000| Untracked 
|  14|0x0000000618c00000, 0x0000000618c00000, 0x0000000619000000|  0%| F|  |TAMS 0x0000000618c00000, 0x0000000618c00000| Untracked 
|  15|0x0000000619000000, 0x0000000619000000, 0x0000000619400000|  0%| F|  |TAMS 0x0000000619000000, 0x0000000619000000| Untracked 
|  16|0x0000000619400000, 0x0000000619400000, 0x0000000619800000|  0%| F|  |TAMS 0x0000000619400000, 0x0000000619400000| Untracked 
|  17|0x0000000619800000, 0x0000000619800000, 0x0000000619c00000|  0%| F|  |TAMS 0x0000000619800000, 0x0000000619800000| Untracked 
|  18|0x0000000619c00000, 0x0000000619c00000, 0x000000061a000000|  0%| F|  |TAMS 0x0000000619c00000, 0x0000000619c00000| Untracked 
|  19|0x000000061a000000, 0x000000061a000000, 0x000000061a400000|  0%| F|  |TAMS 0x000000061a000000, 0x000000061a000000| Untracked 
|  20|0x000000061a400000, 0x000000061a400000, 0x000000061a800000|  0%| F|  |TAMS 0x000000061a400000, 0x000000061a400000| Untracked 
|  21|0x000000061a800000, 0x000000061a800000, 0x000000061ac00000|  0%| F|  |TAMS 0x000000061a800000, 0x000000061a800000| Untracked 
|  22|0x000000061ac00000, 0x000000061ac00000, 0x000000061b000000|  0%| F|  |TAMS 0x000000061ac00000, 0x000000061ac00000| Untracked 
|  23|0x000000061b000000, 0x000000061b000000, 0x000000061b400000|  0%| F|  |TAMS 0x000000061b000000, 0x000000061b000000| Untracked 
|  24|0x000000061b400000, 0x000000061b400000, 0x000000061b800000|  0%| F|  |TAMS 0x000000061b400000, 0x000000061b400000| Untracked 
|  25|0x000000061b800000, 0x000000061b800000, 0x000000061bc00000|  0%| F|  |TAMS 0x000000061b800000, 0x000000061b800000| Untracked 
|  26|0x000000061bc00000, 0x000000061bc00000, 0x000000061c000000|  0%| F|  |TAMS 0x000000061bc00000, 0x000000061bc00000| Untracked 
|  27|0x000000061c000000, 0x000000061c000000, 0x000000061c400000|  0%| F|  |TAMS 0x000000061c000000, 0x000000061c000000| Untracked 
|  28|0x000000061c400000, 0x000000061c400000, 0x000000061c800000|  0%| F|  |TAMS 0x000000061c400000, 0x000000061c400000| Untracked 
|  29|0x000000061c800000, 0x000000061c800000, 0x000000061cc00000|  0%| F|  |TAMS 0x000000061c800000, 0x000000061c800000| Untracked 
|  30|0x000000061cc00000, 0x000000061cc00000, 0x000000061d000000|  0%| F|  |TAMS 0x000000061cc00000, 0x000000061cc00000| Untracked 
|  31|0x000000061d000000, 0x000000061d000000, 0x000000061d400000|  0%| F|  |TAMS 0x000000061d000000, 0x000000061d000000| Untracked 
|  32|0x000000061d400000, 0x000000061d400000, 0x000000061d800000|  0%| F|  |TAMS 0x000000061d400000, 0x000000061d400000| Untracked 
|  33|0x000000061d800000, 0x000000061d800000, 0x000000061dc00000|  0%| F|  |TAMS 0x000000061d800000, 0x000000061d800000| Untracked 
|  34|0x000000061dc00000, 0x000000061dc00000, 0x000000061e000000|  0%| F|  |TAMS 0x000000061dc00000, 0x000000061dc00000| Untracked 
|  35|0x000000061e000000, 0x000000061e000000, 0x000000061e400000|  0%| F|  |TAMS 0x000000061e000000, 0x000000061e000000| Untracked 
|  36|0x000000061e400000, 0x000000061e400000, 0x000000061e800000|  0%| F|  |TAMS 0x000000061e400000, 0x000000061e400000| Untracked 
|  37|0x000000061e800000, 0x000000061e800000, 0x000000061ec00000|  0%| F|  |TAMS 0x000000061e800000, 0x000000061e800000| Untracked 
|  38|0x000000061ec00000, 0x000000061ec00000, 0x000000061f000000|  0%| F|  |TAMS 0x000000061ec00000, 0x000000061ec00000| Untracked 
|  39|0x000000061f000000, 0x000000061f000000, 0x000000061f400000|  0%| F|  |TAMS 0x000000061f000000, 0x000000061f000000| Untracked 
|  40|0x000000061f400000, 0x000000061f400000, 0x000000061f800000|  0%| F|  |TAMS 0x000000061f400000, 0x000000061f400000| Untracked 
|  41|0x000000061f800000, 0x000000061f800000, 0x000000061fc00000|  0%| F|  |TAMS 0x000000061f800000, 0x000000061f800000| Untracked 
|  42|0x000000061fc00000, 0x000000061fc00000, 0x0000000620000000|  0%| F|  |TAMS 0x000000061fc00000, 0x000000061fc00000| Untracked 
|  43|0x0000000620000000, 0x0000000620000000, 0x0000000620400000|  0%| F|  |TAMS 0x0000000620000000, 0x0000000620000000| Untracked 
|  44|0x0000000620400000, 0x0000000620400000, 0x0000000620800000|  0%| F|  |TAMS 0x0000000620400000, 0x0000000620400000| Untracked 
|  45|0x0000000620800000, 0x0000000620800000, 0x0000000620c00000|  0%| F|  |TAMS 0x0000000620800000, 0x0000000620800000| Untracked 
|  46|0x0000000620c00000, 0x0000000620c00000, 0x0000000621000000|  0%| F|  |TAMS 0x0000000620c00000, 0x0000000620c00000| Untracked 
|  47|0x0000000621000000, 0x0000000621000000, 0x0000000621400000|  0%| F|  |TAMS 0x0000000621000000, 0x0000000621000000| Untracked 
|  48|0x0000000621400000, 0x0000000621400000, 0x0000000621800000|  0%| F|  |TAMS 0x0000000621400000, 0x0000000621400000| Untracked 
|  49|0x0000000621800000, 0x0000000621800000, 0x0000000621c00000|  0%| F|  |TAMS 0x0000000621800000, 0x0000000621800000| Untracked 
|  50|0x0000000621c00000, 0x0000000621c00000, 0x0000000622000000|  0%| F|  |TAMS 0x0000000621c00000, 0x0000000621c00000| Untracked 
|  51|0x0000000622000000, 0x0000000622000000, 0x0000000622400000|  0%| F|  |TAMS 0x0000000622000000, 0x0000000622000000| Untracked 
|  52|0x0000000622400000, 0x0000000622400000, 0x0000000622800000|  0%| F|  |TAMS 0x0000000622400000, 0x0000000622400000| Untracked 
|  53|0x0000000622800000, 0x0000000622800000, 0x0000000622c00000|  0%| F|  |TAMS 0x0000000622800000, 0x0000000622800000| Untracked 
|  54|0x0000000622c00000, 0x0000000622c00000, 0x0000000623000000|  0%| F|  |TAMS 0x0000000622c00000, 0x0000000622c00000| Untracked 
|  55|0x0000000623000000, 0x0000000623000000, 0x0000000623400000|  0%| F|  |TAMS 0x0000000623000000, 0x0000000623000000| Untracked 
|  56|0x0000000623400000, 0x0000000623400000, 0x0000000623800000|  0%| F|  |TAMS 0x0000000623400000, 0x0000000623400000| Untracked 
|  57|0x0000000623800000, 0x0000000623800000, 0x0000000623c00000|  0%| F|  |TAMS 0x0000000623800000, 0x0000000623800000| Untracked 
|  58|0x0000000623c00000, 0x0000000623c00000, 0x0000000624000000|  0%| F|  |TAMS 0x0000000623c00000, 0x0000000623c00000| Untracked 
|  59|0x0000000624000000, 0x0000000624000000, 0x0000000624400000|  0%| F|  |TAMS 0x0000000624000000, 0x0000000624000000| Untracked 
|  60|0x0000000624400000, 0x0000000624400000, 0x0000000624800000|  0%| F|  |TAMS 0x0000000624400000, 0x0000000624400000| Untracked 
|  61|0x0000000624800000, 0x0000000624800000, 0x0000000624c00000|  0%| F|  |TAMS 0x0000000624800000, 0x0000000624800000| Untracked 
|  62|0x0000000624c00000, 0x0000000624c00000, 0x0000000625000000|  0%| F|  |TAMS 0x0000000624c00000, 0x0000000624c00000| Untracked 
|  63|0x0000000625000000, 0x0000000625000000, 0x0000000625400000|  0%| F|  |TAMS 0x0000000625000000, 0x0000000625000000| Untracked 
|  64|0x0000000625400000, 0x0000000625400000, 0x0000000625800000|  0%| F|  |TAMS 0x0000000625400000, 0x0000000625400000| Untracked 
|  65|0x0000000625800000, 0x0000000625800000, 0x0000000625c00000|  0%| F|  |TAMS 0x0000000625800000, 0x0000000625800000| Untracked 
|  66|0x0000000625c00000, 0x0000000625c00000, 0x0000000626000000|  0%| F|  |TAMS 0x0000000625c00000, 0x0000000625c00000| Untracked 
|  67|0x0000000626000000, 0x0000000626000000, 0x0000000626400000|  0%| F|  |TAMS 0x0000000626000000, 0x0000000626000000| Untracked 
|  68|0x0000000626400000, 0x0000000626400000, 0x0000000626800000|  0%| F|  |TAMS 0x0000000626400000, 0x0000000626400000| Untracked 
|  69|0x0000000626800000, 0x0000000626800000, 0x0000000626c00000|  0%| F|  |TAMS 0x0000000626800000, 0x0000000626800000| Untracked 
|  70|0x0000000626c00000, 0x0000000626c00000, 0x0000000627000000|  0%| F|  |TAMS 0x0000000626c00000, 0x0000000626c00000| Untracked 
|  71|0x0000000627000000, 0x0000000627000000, 0x0000000627400000|  0%| F|  |TAMS 0x0000000627000000, 0x0000000627000000| Untracked 
|  72|0x0000000627400000, 0x0000000627400000, 0x0000000627800000|  0%| F|  |TAMS 0x0000000627400000, 0x0000000627400000| Untracked 
|  73|0x0000000627800000, 0x0000000627800000, 0x0000000627c00000|  0%| F|  |TAMS 0x0000000627800000, 0x0000000627800000| Untracked 
|  74|0x0000000627c00000, 0x0000000627c00000, 0x0000000628000000|  0%| F|  |TAMS 0x0000000627c00000, 0x0000000627c00000| Untracked 
|  75|0x0000000628000000, 0x0000000628000000, 0x0000000628400000|  0%| F|  |TAMS 0x0000000628000000, 0x0000000628000000| Untracked 
|  76|0x0000000628400000, 0x0000000628400000, 0x0000000628800000|  0%| F|  |TAMS 0x0000000628400000, 0x0000000628400000| Untracked 
|  77|0x0000000628800000, 0x0000000628800000, 0x0000000628c00000|  0%| F|  |TAMS 0x0000000628800000, 0x0000000628800000| Untracked 
|  78|0x0000000628c00000, 0x0000000628c00000, 0x0000000629000000|  0%| F|  |TAMS 0x0000000628c00000, 0x0000000628c00000| Untracked 
|  79|0x0000000629000000, 0x0000000629000000, 0x0000000629400000|  0%| F|  |TAMS 0x0000000629000000, 0x0000000629000000| Untracked 
|  80|0x0000000629400000, 0x0000000629400000, 0x0000000629800000|  0%| F|  |TAMS 0x0000000629400000, 0x0000000629400000| Untracked 
|  81|0x0000000629800000, 0x0000000629800000, 0x0000000629c00000|  0%| F|  |TAMS 0x0000000629800000, 0x0000000629800000| Untracked 
|  82|0x0000000629c00000, 0x0000000629c00000, 0x000000062a000000|  0%| F|  |TAMS 0x0000000629c00000, 0x0000000629c00000| Untracked 
|  83|0x000000062a000000, 0x000000062a000000, 0x000000062a400000|  0%| F|  |TAMS 0x000000062a000000, 0x000000062a000000| Untracked 
|  84|0x000000062a400000, 0x000000062a400000, 0x000000062a800000|  0%| F|  |TAMS 0x000000062a400000, 0x000000062a400000| Untracked 
|  85|0x000000062a800000, 0x000000062a800000, 0x000000062ac00000|  0%| F|  |TAMS 0x000000062a800000, 0x000000062a800000| Untracked 
|  86|0x000000062ac00000, 0x000000062ac00000, 0x000000062b000000|  0%| F|  |TAMS 0x000000062ac00000, 0x000000062ac00000| Untracked 
|  87|0x000000062b000000, 0x000000062b000000, 0x000000062b400000|  0%| F|  |TAMS 0x000000062b000000, 0x000000062b000000| Untracked 
|  88|0x000000062b400000, 0x000000062b400000, 0x000000062b800000|  0%| F|  |TAMS 0x000000062b400000, 0x000000062b400000| Untracked 
|  89|0x000000062b800000, 0x000000062b800000, 0x000000062bc00000|  0%| F|  |TAMS 0x000000062b800000, 0x000000062b800000| Untracked 
|  90|0x000000062bc00000, 0x000000062bc00000, 0x000000062c000000|  0%| F|  |TAMS 0x000000062bc00000, 0x000000062bc00000| Untracked 
|  91|0x000000062c000000, 0x000000062c000000, 0x000000062c400000|  0%| F|  |TAMS 0x000000062c000000, 0x000000062c000000| Untracked 
|  92|0x000000062c400000, 0x000000062c400000, 0x000000062c800000|  0%| F|  |TAMS 0x000000062c400000, 0x000000062c400000| Untracked 
|  93|0x000000062c800000, 0x000000062c800000, 0x000000062cc00000|  0%| F|  |TAMS 0x000000062c800000, 0x000000062c800000| Untracked 
|  94|0x000000062cc00000, 0x000000062cc00000, 0x000000062d000000|  0%| F|  |TAMS 0x000000062cc00000, 0x000000062cc00000| Untracked 
|  95|0x000000062d000000, 0x000000062d000000, 0x000000062d400000|  0%| F|  |TAMS 0x000000062d000000, 0x000000062d000000| Untracked 
|  96|0x000000062d400000, 0x000000062d400000, 0x000000062d800000|  0%| F|  |TAMS 0x000000062d400000, 0x000000062d400000| Untracked 
|  97|0x000000062d800000, 0x000000062d800000, 0x000000062dc00000|  0%| F|  |TAMS 0x000000062d800000, 0x000000062d800000| Untracked 
|  98|0x000000062dc00000, 0x000000062dc00000, 0x000000062e000000|  0%| F|  |TAMS 0x000000062dc00000, 0x000000062dc00000| Untracked 
|  99|0x000000062e000000, 0x000000062e000000, 0x000000062e400000|  0%| F|  |TAMS 0x000000062e000000, 0x000000062e000000| Untracked 
| 100|0x000000062e400000, 0x000000062e400000, 0x000000062e800000|  0%| F|  |TAMS 0x000000062e400000, 0x000000062e400000| Untracked 
| 101|0x000000062e800000, 0x000000062e800000, 0x000000062ec00000|  0%| F|  |TAMS 0x000000062e800000, 0x000000062e800000| Untracked 
| 102|0x000000062ec00000, 0x000000062ec00000, 0x000000062f000000|  0%| F|  |TAMS 0x000000062ec00000, 0x000000062ec00000| Untracked 
| 103|0x000000062f000000, 0x000000062f000000, 0x000000062f400000|  0%| F|  |TAMS 0x000000062f000000, 0x000000062f000000| Untracked 
| 104|0x000000062f400000, 0x000000062f400000, 0x000000062f800000|  0%| F|  |TAMS 0x000000062f400000, 0x000000062f400000| Untracked 
| 105|0x000000062f800000, 0x000000062f800000, 0x000000062fc00000|  0%| F|  |TAMS 0x000000062f800000, 0x000000062f800000| Untracked 
| 106|0x000000062fc00000, 0x000000062fc00000, 0x0000000630000000|  0%| F|  |TAMS 0x000000062fc00000, 0x000000062fc00000| Untracked 
| 107|0x0000000630000000, 0x0000000630000000, 0x0000000630400000|  0%| F|  |TAMS 0x0000000630000000, 0x0000000630000000| Untracked 
| 108|0x0000000630400000, 0x0000000630400000, 0x0000000630800000|  0%| F|  |TAMS 0x0000000630400000, 0x0000000630400000| Untracked 
| 109|0x0000000630800000, 0x0000000630800000, 0x0000000630c00000|  0%| F|  |TAMS 0x0000000630800000, 0x0000000630800000| Untracked 
| 110|0x0000000630c00000, 0x0000000630c00000, 0x0000000631000000|  0%| F|  |TAMS 0x0000000630c00000, 0x0000000630c00000| Untracked 
| 111|0x0000000631000000, 0x0000000631000000, 0x0000000631400000|  0%| F|  |TAMS 0x0000000631000000, 0x0000000631000000| Untracked 
| 112|0x0000000631400000, 0x0000000631400000, 0x0000000631800000|  0%| F|  |TAMS 0x0000000631400000, 0x0000000631400000| Untracked 
| 113|0x0000000631800000, 0x0000000631800000, 0x0000000631c00000|  0%| F|  |TAMS 0x0000000631800000, 0x0000000631800000| Untracked 
| 114|0x0000000631c00000, 0x0000000631c00000, 0x0000000632000000|  0%| F|  |TAMS 0x0000000631c00000, 0x0000000631c00000| Untracked 
| 115|0x0000000632000000, 0x0000000632178398, 0x0000000632400000| 36%| S|CS|TAMS 0x0000000632000000, 0x0000000632000000| Complete 
| 116|0x0000000632400000, 0x0000000632400000, 0x0000000632800000|  0%| F|  |TAMS 0x0000000632400000, 0x0000000632400000| Untracked 
| 117|0x0000000632800000, 0x0000000632800000, 0x0000000632c00000|  0%| F|  |TAMS 0x0000000632800000, 0x0000000632800000| Untracked 
| 118|0x0000000632c00000, 0x0000000632d278f0, 0x0000000633000000| 28%| E|  |TAMS 0x0000000632c00000, 0x0000000632c00000| Complete 
| 119|0x0000000633000000, 0x0000000633400000, 0x0000000633400000|100%| E|CS|TAMS 0x0000000633000000, 0x0000000633000000| Complete 
| 120|0x0000000633400000, 0x0000000633800000, 0x0000000633800000|100%| E|CS|TAMS 0x0000000633400000, 0x0000000633400000| Complete 
| 121|0x0000000633800000, 0x0000000633c00000, 0x0000000633c00000|100%| E|CS|TAMS 0x0000000633800000, 0x0000000633800000| Complete 
| 122|0x0000000633c00000, 0x0000000634000000, 0x0000000634000000|100%| E|CS|TAMS 0x0000000633c00000, 0x0000000633c00000| Complete 

Card table byte_map: [0x0000025b00f60000,0x0000025b01ec0000] _byte_map_base: 0x0000025afdeb6000

Marking Bits (Prev, Next): (CMBitMap*) 0x0000025b6768cd40, (CMBitMap*) 0x0000025b6768cd80
 Prev Bits: [0x0000025b02e20000, 0x0000025b0a8d0000)
 Next Bits: [0x0000025b0a8d0000, 0x0000025b12380000)

Polling page: 0x0000025b655d0000

Metaspace:

Usage:
  Non-class:     11.69 MB used.
      Class:      2.12 MB used.
       Both:     13.82 MB used.

Virtual space:
  Non-class space:       64.00 MB reserved,      11.81 MB ( 18%) committed,  1 nodes.
      Class space:        1.00 GB reserved,       2.25 MB ( <1%) committed,  1 nodes.
             Both:        1.06 GB reserved,      14.06 MB (  1%) committed. 

Chunk freelists:
   Non-Class:  4.16 MB
       Class:  13.76 MB
        Both:  17.92 MB

MaxMetaspaceSize: unlimited
CompressedClassSpaceSize: 1.00 GB
Initial GC threshold: 21.00 MB
Current GC threshold: 21.00 MB
CDS: on
MetaspaceReclaimPolicy: balanced
 - commit_granule_bytes: 65536.
 - commit_granule_words: 8192.
 - virtual_space_node_default_size: 8388608.
 - enlarge_chunks_in_place: 1.
 - new_chunks_are_fully_committed: 0.
 - uncommit_free_chunks: 1.
 - use_allocation_guard: 0.
 - handle_deallocations: 1.


Internal statistics:

num_allocs_failed_limit: 0.
num_arena_births: 220.
num_arena_deaths: 0.
num_vsnodes_births: 2.
num_vsnodes_deaths: 0.
num_space_committed: 225.
num_space_uncommitted: 0.
num_chunks_returned_to_freelist: 0.
num_chunks_taken_from_freelist: 715.
num_chunk_merges: 0.
num_chunk_splits: 449.
num_chunks_enlarged: 312.
num_inconsistent_stats: 0.

CodeHeap 'non-profiled nmethods': size=119168Kb used=974Kb max_used=974Kb free=118193Kb
 bounds [0x0000025b78020000, 0x0000025b78290000, 0x0000025b7f480000]
CodeHeap 'profiled nmethods': size=119104Kb used=4583Kb max_used=4583Kb free=114520Kb
 bounds [0x0000025b70480000, 0x0000025b70900000, 0x0000025b778d0000]
CodeHeap 'non-nmethods': size=7488Kb used=1269Kb max_used=3014Kb free=6218Kb
 bounds [0x0000025b778d0000, 0x0000025b77bd0000, 0x0000025b78020000]
 total_blobs=2713 nmethods=2231 adapters=394
 compilation: enabled
              stopped_count=0, restarted_count=0
 full_count=0

Compilation events (20 events):
Event: 5.137 Thread 0x0000025b5c4332f0 nmethod 2227 0x0000025b708ecf90 code [0x0000025b708ed180, 0x0000025b708ed968]
Event: 5.137 Thread 0x0000025b5c4332f0 2228       3       java.lang.invoke.MethodHandle::asTypeUncached (59 bytes)
Event: 5.137 Thread 0x0000025b1528abf0 2229       3       java.lang.invoke.MethodType::isConvertibleTo (164 bytes)
Event: 5.137 Thread 0x0000025b5bd443a0 2232       3       java.lang.invoke.MethodHandleImpl::makePairwiseConvertByEditor (627 bytes)
Event: 5.137 Thread 0x0000025b7ffaa350 2233       3       java.lang.invoke.MethodHandleImpl::computeValueConversions (121 bytes)
Event: 5.137 Thread 0x0000025b7ffaa350 nmethod 2233 0x0000025b708edb90 code [0x0000025b708edda0, 0x0000025b708ee618]
Event: 5.137 Thread 0x0000025b5c4332f0 nmethod 2228 0x0000025b708eea10 code [0x0000025b708eece0, 0x0000025b708ef898]
Event: 5.137 Thread 0x0000025b5c4332f0 2234       3       java.lang.invoke.MethodHandleImpl::countNonNull (42 bytes)
Event: 5.137 Thread 0x0000025b7ffaa350 2230       3       java.lang.invoke.MethodHandleImpl::makePairwiseConvert (8 bytes)
Event: 5.138 Thread 0x0000025b7ffaa350 nmethod 2230 0x0000025b708f0d10 code [0x0000025b708f0ea0, 0x0000025b708f0fe8]
Event: 5.138 Thread 0x0000025b5c4332f0 nmethod 2234 0x0000025b708f1090 code [0x0000025b708f1240, 0x0000025b708f1498]
Event: 5.138 Thread 0x0000025b7ffaa350 2231       3       java.lang.invoke.MethodHandleImpl::makePairwiseConvert (22 bytes)
Event: 5.138 Thread 0x0000025b1528abf0 nmethod 2229 0x0000025b708efd90 code [0x0000025b708effe0, 0x0000025b708f09c8]
Event: 5.138 Thread 0x0000025b7ffaa350 nmethod 2231 0x0000025b708f1590 code [0x0000025b708f1740, 0x0000025b708f19a8]
Event: 5.140 Thread 0x0000025b5bd443a0 nmethod 2232 0x0000025b708f1a90 code [0x0000025b708f22e0, 0x0000025b708f79d8]
Event: 5.307 Thread 0x0000025b7ffa98a0 nmethod 2196 0x0000025b78102d90 code [0x0000025b78103440, 0x0000025b7810d8b8]
Event: 5.307 Thread 0x0000025b7ffa98a0 2218       4       jdk.internal.org.objectweb.asm.ByteVector::put122 (93 bytes)
Event: 5.310 Thread 0x0000025b7ffa98a0 nmethod 2218 0x0000025b78111310 code [0x0000025b781114a0, 0x0000025b78111ad8]
Event: 5.310 Thread 0x0000025b7ffa98a0 2197       4       java.lang.invoke.MethodType$ConcurrentWeakInternSet::get (47 bytes)
Event: 5.320 Thread 0x0000025b7ffa98a0 nmethod 2197 0x0000025b78111d10 code [0x0000025b78111f00, 0x0000025b78113148]

GC Heap History (4 events):
Event: 0.941 GC heap before
{Heap before GC invocations=0 (full 0):
 garbage-first heap   total 503808K, used 20480K [0x0000000615400000, 0x0000000800000000)
  region size 4096K, 6 young (24576K), 0 survivors (0K)
 Metaspace       used 6318K, committed 6528K, reserved 1114112K
  class space    used 808K, committed 896K, reserved 1048576K
}
Event: 0.944 GC heap after
{Heap after GC invocations=1 (full 0):
 garbage-first heap   total 503808K, used 4500K [0x0000000615400000, 0x0000000800000000)
  region size 4096K, 1 young (4096K), 1 survivors (4096K)
 Metaspace       used 6318K, committed 6528K, reserved 1114112K
  class space    used 808K, committed 896K, reserved 1048576K
}
Event: 1.404 GC heap before
{Heap before GC invocations=1 (full 0):
 garbage-first heap   total 503808K, used 29076K [0x0000000615400000, 0x0000000800000000)
  region size 4096K, 7 young (28672K), 1 survivors (4096K)
 Metaspace       used 11544K, committed 11776K, reserved 1114112K
  class space    used 1718K, committed 1856K, reserved 1048576K
}
Event: 1.407 GC heap after
{Heap after GC invocations=2 (full 0):
 garbage-first heap   total 503808K, used 5892K [0x0000000615400000, 0x0000000800000000)
  region size 4096K, 1 young (4096K), 1 survivors (4096K)
 Metaspace       used 11544K, committed 11776K, reserved 1114112K
  class space    used 1718K, committed 1856K, reserved 1048576K
}

Dll operation events (11 events):
Event: 0.005 Loaded shared library D:\DEV\openjdk-17\bin\java.dll
Event: 0.017 Loaded shared library D:\DEV\openjdk-17\bin\jsvml.dll
Event: 0.205 Loaded shared library D:\DEV\openjdk-17\bin\net.dll
Event: 0.205 Loaded shared library D:\DEV\openjdk-17\bin\nio.dll
Event: 0.208 Loaded shared library D:\DEV\openjdk-17\bin\zip.dll
Event: 0.269 Loaded shared library D:\DEV\openjdk-17\bin\jimage.dll
Event: 0.300 Loaded shared library D:\DEV\openjdk-17\bin\extnet.dll
Event: 0.703 Loaded shared library D:\DEV\openjdk-17\bin\verify.dll
Event: 0.916 Loaded shared library D:\DEV\openjdk-17\bin\instrument.dll
Event: 0.917 Loaded shared library D:\DEV\openjdk-17\bin\zip.dll
Event: 0.918 Loaded shared library D:\DEV\openjdk-17\bin\instrument.dll

Deoptimization events (20 events):
Event: 4.371 Thread 0x0000025b5c0fb830 DEOPT PACKING pc=0x0000025b7058e284 sp=0x000000e3860fd3b0
Event: 4.371 Thread 0x0000025b5c0fb830 DEOPT UNPACKING pc=0x0000025b7792ace3 sp=0x000000e3860fc848 mode 1
Event: 4.371 Thread 0x0000025b5c0fb830 DEOPT PACKING pc=0x0000025b7058cb5c sp=0x000000e3860fd480
Event: 4.371 Thread 0x0000025b5c0fb830 DEOPT UNPACKING pc=0x0000025b7792ace3 sp=0x000000e3860fc938 mode 1
Event: 4.371 Thread 0x0000025b5c0fb830 DEOPT PACKING pc=0x0000025b70779cf4 sp=0x000000e3860fde60
Event: 4.371 Thread 0x0000025b5c0fb830 DEOPT UNPACKING pc=0x0000025b7792ace3 sp=0x000000e3860fd330 mode 1
Event: 5.140 Thread 0x0000025b5b16c920 Uncommon trap: trap_request=0xffffff45 fr.pc=0x0000025b7807d228 relative=0x0000000000000128
Event: 5.140 Thread 0x0000025b5b16c920 Uncommon trap: reason=unstable_if action=reinterpret pc=0x0000025b7807d228 method=java.lang.StringCoding.hasNegatives([BII)Z @ 12 c2
Event: 5.140 Thread 0x0000025b5b16c920 DEOPT PACKING pc=0x0000025b7807d228 sp=0x000000e3854fdd50
Event: 5.140 Thread 0x0000025b5b16c920 DEOPT UNPACKING pc=0x0000025b7792a1a3 sp=0x000000e3854fdce0 mode 2
Event: 5.140 Thread 0x0000025b5b16c920 Uncommon trap: trap_request=0xffffff45 fr.pc=0x0000025b78026104 relative=0x0000000000000084
Event: 5.140 Thread 0x0000025b5b16c920 Uncommon trap: reason=unstable_if action=reinterpret pc=0x0000025b78026104 method=java.lang.String.charAt(I)C @ 4 c2
Event: 5.140 Thread 0x0000025b5b16c920 DEOPT PACKING pc=0x0000025b78026104 sp=0x000000e3854fdc80
Event: 5.140 Thread 0x0000025b5b16c920 DEOPT UNPACKING pc=0x0000025b7792a1a3 sp=0x000000e3854fdc30 mode 2
Event: 5.140 Thread 0x0000025b5b16c920 Uncommon trap: trap_request=0xffffff45 fr.pc=0x0000025b780f47ac relative=0x000000000000020c
Event: 5.140 Thread 0x0000025b5b16c920 Uncommon trap: reason=unstable_if action=reinterpret pc=0x0000025b780f47ac method=java.lang.StringUTF16.compress([CII)[B @ 13 c2
Event: 5.140 Thread 0x0000025b5b16c920 DEOPT PACKING pc=0x0000025b780f47ac sp=0x000000e3854fdd40
Event: 5.140 Thread 0x0000025b5b16c920 DEOPT UNPACKING pc=0x0000025b7792a1a3 sp=0x000000e3854fdcd8 mode 2
Event: 5.140 Thread 0x0000025b5b16c920 DEOPT PACKING pc=0x0000025b70507064 sp=0x000000e3854feee0
Event: 5.140 Thread 0x0000025b5b16c920 DEOPT UNPACKING pc=0x0000025b7792ace3 sp=0x000000e3854fe400 mode 1

Classes unloaded (0 events):
No events

Classes redefined (3 events):
Event: 1.488 Thread 0x0000025b7ff814a0 redefined class name=java.io.Serializable, count=1
Event: 1.488 Thread 0x0000025b7ff814a0 redefined class name=org.neociclo.odetteftp.protocol.OdetteFtpObject, count=1
Event: 1.602 Thread 0x0000025b7ff814a0 redefined class name=com.inspien.cepaas.server.OftpServerHelper, count=1

Internal exceptions (20 events):
Event: 0.712 Thread 0x0000025b653ee260 Exception <a 'java/lang/NoSuchMethodError'{0x0000000632ae3f18}: 'java.lang.Object java.lang.invoke.DirectMethodHandle$Holder.newInvokeSpecial(java.lang.Object, java.lang.Object, long)'> (0x0000000632ae3f18) 
thrown [s\src\hotspot\share\interpreter\linkResolver.cpp, line 759]
Event: 0.712 Thread 0x0000025b653ee260 Exception <a 'java/lang/NoSuchMethodError'{0x0000000632ae89e0}: 'java.lang.Object java.lang.invoke.Invokers$Holder.linkToTargetMethod(java.lang.Object, long, java.lang.Object)'> (0x0000000632ae89e0) 
thrown [s\src\hotspot\share\interpreter\linkResolver.cpp, line 759]
Event: 0.740 Thread 0x0000025b653ee260 Exception <a 'java/lang/NoSuchMethodError'{0x0000000632b0fc80}: 'void java.lang.invoke.DirectMethodHandle$Holder.invokeStatic(java.lang.Object, long)'> (0x0000000632b0fc80) 
thrown [s\src\hotspot\share\interpreter\linkResolver.cpp, line 759]
Event: 0.740 Thread 0x0000025b653ee260 Exception <a 'java/lang/NoSuchMethodError'{0x0000000632b15a18}: 'java.lang.Object java.lang.invoke.DirectMethodHandle$Holder.newInvokeSpecial(java.lang.Object, long)'> (0x0000000632b15a18) 
thrown [s\src\hotspot\share\interpreter\linkResolver.cpp, line 759]
Event: 1.302 Thread 0x0000025b653ee260 Exception <a 'java/lang/NoSuchMethodError'{0x0000000632e69148}: 'int java.lang.invoke.DirectMethodHandle$Holder.invokeStaticInit(java.lang.Object, java.lang.Object, java.lang.Object, java.lang.Object)'> (0x0000000632e69148) 
thrown [s\src\hotspot\share\interpreter\linkResolver.cpp, line 759]
Event: 1.302 Thread 0x0000025b653ee260 Exception <a 'java/lang/IncompatibleClassChangeError'{0x0000000632e72840}: Found class java.lang.Object, but interface was expected> (0x0000000632e72840) 
thrown [s\src\hotspot\share\interpreter\linkResolver.cpp, line 826]
Event: 1.303 Thread 0x0000025b653ee260 Exception <a 'java/lang/NoSuchMethodError'{0x0000000632e75d68}: 'void java.lang.invoke.DirectMethodHandle$Holder.invokeStaticInit(java.lang.Object, java.lang.Object)'> (0x0000000632e75d68) 
thrown [s\src\hotspot\share\interpreter\linkResolver.cpp, line 759]
Event: 1.349 Thread 0x0000025b653ee260 Exception <a 'java/lang/ClassNotFoundException'{0x0000000632901670}: java/lang/ClassLoader$ByteBuddyAccessor$V1> (0x0000000632901670) 
thrown [s\src\hotspot\share\classfile\systemDictionary.cpp, line 256]
Event: 1.481 Thread 0x0000025b653ee260 Exception <a 'java/lang/NoSuchMethodError'{0x0000000633ffb628}: 'int java.lang.invoke.DirectMethodHandle$Holder.invokeVirtual(java.lang.Object, java.lang.Object, java.lang.Object)'> (0x0000000633ffb628) 
thrown [s\src\hotspot\share\interpreter\linkResolver.cpp, line 759]
Event: 1.482 Thread 0x0000025b653ee260 Implicit null exception at 0x0000025b780a359a to 0x0000025b780a3a3c
Event: 1.537 Thread 0x0000025b653ee260 Exception <a 'java/lang/NoSuchMethodError'{0x0000000633bff060}: 'void java.lang.invoke.DelegatingMethodHandle$Holder.delegate(java.lang.Object, java.lang.Object, int, java.lang.Object)'> (0x0000000633bff060) 
thrown [s\src\hotspot\share\interpreter\linkResolver.cpp, line 759]
Event: 1.537 Thread 0x0000025b653ee260 Exception <a 'java/lang/NoSuchMethodError'{0x0000000633473250}: 'java.lang.Object java.lang.invoke.Invokers$Holder.invokeExact_MT(java.lang.Object, java.lang.Object, java.lang.Object, java.lang.Object)'> (0x0000000633473250) 
thrown [s\src\hotspot\share\interpreter\linkResolver.cpp, line 759]
Event: 1.538 Thread 0x0000025b653ee260 Exception <a 'java/lang/NoSuchMethodError'{0x00000006334770f0}: 'java.lang.Object java.lang.invoke.Invokers$Holder.invoker(java.lang.Object, java.lang.Object, java.lang.Object, java.lang.Object)'> (0x00000006334770f0) 
thrown [s\src\hotspot\share\interpreter\linkResolver.cpp, line 759]
Event: 1.538 Thread 0x0000025b653ee260 Exception <a 'java/lang/NoSuchMethodError'{0x00000006334816b8}: 'int java.lang.invoke.DirectMethodHandle$Holder.invokeSpecial(java.lang.Object, java.lang.Object, java.lang.Object, java.lang.Object)'> (0x00000006334816b8) 
thrown [s\src\hotspot\share\interpreter\linkResolver.cpp, line 759]
Event: 1.544 Thread 0x0000025b653ee260 Exception <a 'java/lang/IncompatibleClassChangeError'{0x00000006334edee0}: Found class java.lang.Object, but interface was expected> (0x00000006334edee0) 
thrown [s\src\hotspot\share\interpreter\linkResolver.cpp, line 826]
Event: 1.545 Thread 0x0000025b653ee260 Exception <a 'java/lang/NoSuchMethodError'{0x00000006335040e8}: 'java.lang.Object java.lang.invoke.DirectMethodHandle$Holder.invokeStatic(java.lang.Object, int, java.lang.Object)'> (0x00000006335040e8) 
thrown [s\src\hotspot\share\interpreter\linkResolver.cpp, line 759]
Event: 5.114 Thread 0x0000025b653ee260 Exception <a 'java/lang/reflect/InvocationTargetException'{0x00000006330ef770}> (0x00000006330ef770) 
thrown [s\src\hotspot\share\runtime\reflection.cpp, line 1121]
Event: 5.123 Thread 0x0000025b653ee260 Exception <a 'sun/nio/fs/WindowsException'{0x00000006331e2750}> (0x00000006331e2750) 
thrown [s\src\hotspot\share\prims\jni.cpp, line 516]
Event: 5.137 Thread 0x0000025b653ee260 Exception <a 'java/lang/NoSuchMethodError'{0x0000000633283f10}: 'void java.lang.invoke.DirectMethodHandle$Holder.invokeVirtual(java.lang.Object, java.lang.Object)'> (0x0000000633283f10) 
thrown [s\src\hotspot\share\interpreter\linkResolver.cpp, line 759]
Event: 5.140 Thread 0x0000025b5b16c920 Exception <a 'java/io/IOException'{0x0000000632c001d8}> (0x0000000632c001d8) 
thrown [s\src\hotspot\share\prims\jni.cpp, line 516]

VM Operations (20 events):
Event: 4.711 Executing VM operation: get/set locals
Event: 4.711 Executing VM operation: get/set locals done
Event: 5.057 Executing VM operation: get/set locals
Event: 5.057 Executing VM operation: get/set locals done
Event: 5.114 Executing VM operation: HandshakeAllThreads
Event: 5.114 Executing VM operation: HandshakeAllThreads done
Event: 5.132 Executing VM operation: HandshakeAllThreads
Event: 5.132 Executing VM operation: HandshakeAllThreads done
Event: 6.134 Executing VM operation: Cleanup
Event: 6.134 Executing VM operation: Cleanup done
Event: 9.096 Executing VM operation: get/set locals
Event: 9.096 Executing VM operation: get/set locals done
Event: 9.097 Executing VM operation: ChangeSingleStep
Event: 9.097 Executing VM operation: ChangeSingleStep done
Event: 9.098 Executing VM operation: ChangeSingleStep
Event: 9.098 Executing VM operation: ChangeSingleStep done
Event: 14.287 Executing VM operation: ChangeBreakpoints
Event: 14.287 Executing VM operation: ChangeBreakpoints done
Event: 17.684 Executing VM operation: ChangeBreakpoints
Event: 17.684 Executing VM operation: ChangeBreakpoints done

Events (20 events):
Event: 5.140 loading class java/net/SocketTimeoutException done
Event: 5.140 loading class sun/net/ConnectionResetException
Event: 5.140 loading class java/net/SocketException
Event: 5.140 loading class java/net/SocketException done
Event: 5.140 loading class sun/net/ConnectionResetException done
Event: 5.141 Thread 0x0000025b5cd76520 Thread added: 0x0000025b5cd76520
Event: 5.141 Thread 0x0000025b5cd76a00 Thread added: 0x0000025b5cd76a00
Event: 5.141 Thread 0x0000025b5b16c920 Thread exited: 0x0000025b5b16c920
Event: 5.141 loading class java/util/concurrent/locks/AbstractQueuedSynchronizer$ConditionNode
Event: 5.141 Thread 0x0000025b5cd76520 Thread exited: 0x0000025b5cd76520
Event: 5.141 loading class java/util/concurrent/locks/AbstractQueuedSynchronizer$Node
Event: 5.141 loading class java/util/concurrent/locks/AbstractQueuedSynchronizer$Node done
Event: 5.141 loading class java/util/concurrent/locks/AbstractQueuedSynchronizer$ConditionNode done
Event: 10.140 Thread 0x0000025b5c4332f0 Thread exited: 0x0000025b5c4332f0
Event: 15.144 Thread 0x0000025b5bd443a0 Thread exited: 0x0000025b5bd443a0
Event: 20.149 Thread 0x0000025b1528abf0 Thread exited: 0x0000025b1528abf0
Event: 22.405 loading class java/util/UUID
Event: 22.405 loading class java/util/UUID done
Event: 22.405 loading class java/util/UUID$Holder
Event: 22.405 loading class java/util/UUID$Holder done


Dynamic libraries:
0x00007ff7137a0000 - 0x00007ff7137ae000 	D:\DEV\openjdk-17\bin\java.exe
0x00007ffa6e450000 - 0x00007ffa6e667000 	C:\Windows\SYSTEM32\ntdll.dll
0x00007ffa6c980000 - 0x00007ffa6ca44000 	C:\Windows\System32\KERNEL32.DLL
0x00007ffa6b9e0000 - 0x00007ffa6bd8d000 	C:\Windows\System32\KERNELBASE.dll
0x00007ffa6c070000 - 0x00007ffa6c181000 	C:\Windows\System32\ucrtbase.dll
0x00007ffa5c880000 - 0x00007ffa5c89b000 	D:\DEV\openjdk-17\bin\VCRUNTIME140.dll
0x00007ffa5cc70000 - 0x00007ffa5cc87000 	D:\DEV\openjdk-17\bin\jli.dll
0x00007ffa6d9e0000 - 0x00007ffa6db8e000 	C:\Windows\System32\USER32.dll
0x00007ffa6c040000 - 0x00007ffa6c066000 	C:\Windows\System32\win32u.dll
0x00007ffa3ac90000 - 0x00007ffa3af23000 	C:\Windows\WinSxS\amd64_microsoft.windows.common-controls_6595b64144ccf1df_6.0.22621.3672_none_2713b9d173822955\COMCTL32.dll
0x00007ffa6c740000 - 0x00007ffa6c769000 	C:\Windows\System32\GDI32.dll
0x00007ffa6be80000 - 0x00007ffa6bf99000 	C:\Windows\System32\gdi32full.dll
0x00007ffa6cbc0000 - 0x00007ffa6cc67000 	C:\Windows\System32\msvcrt.dll
0x00007ffa6bfa0000 - 0x00007ffa6c03a000 	C:\Windows\System32\msvcp_win.dll
0x00007ffa6d810000 - 0x00007ffa6d841000 	C:\Windows\System32\IMM32.DLL
0x00007ffa5cd70000 - 0x00007ffa5cd7c000 	D:\DEV\openjdk-17\bin\vcruntime140_1.dll
0x00007ffa5b140000 - 0x00007ffa5b1cd000 	D:\DEV\openjdk-17\bin\msvcp140.dll
0x00007ffa4ff10000 - 0x00007ffa50b72000 	D:\DEV\openjdk-17\bin\server\jvm.dll
0x00007ffa6c660000 - 0x00007ffa6c712000 	C:\Windows\System32\ADVAPI32.dll
0x00007ffa6d860000 - 0x00007ffa6d909000 	C:\Windows\System32\sechost.dll
0x00007ffa6b780000 - 0x00007ffa6b7a8000 	C:\Windows\System32\bcrypt.dll
0x00007ffa6d510000 - 0x00007ffa6d624000 	C:\Windows\System32\RPCRT4.dll
0x00007ffa6a5d0000 - 0x00007ffa6a61d000 	C:\Windows\SYSTEM32\POWRPROF.dll
0x00007ffa4ac70000 - 0x00007ffa4ac79000 	C:\Windows\SYSTEM32\WSOCK32.dll
0x00007ffa65760000 - 0x00007ffa65794000 	C:\Windows\SYSTEM32\WINMM.dll
0x00007ffa6d630000 - 0x00007ffa6d6a1000 	C:\Windows\System32\WS2_32.dll
0x00007ffa61b80000 - 0x00007ffa61b8a000 	C:\Windows\SYSTEM32\VERSION.dll
0x00007ffa6a5b0000 - 0x00007ffa6a5c3000 	C:\Windows\SYSTEM32\UMPDC.dll
0x00007ffa6a800000 - 0x00007ffa6a818000 	C:\Windows\SYSTEM32\kernel.appcore.dll
0x00007ffa5cb60000 - 0x00007ffa5cb6a000 	D:\DEV\openjdk-17\bin\jimage.dll
0x00007ffa69120000 - 0x00007ffa69352000 	C:\Windows\SYSTEM32\DBGHELP.DLL
0x00007ffa6d0f0000 - 0x00007ffa6d478000 	C:\Windows\System32\combase.dll
0x00007ffa6c2a0000 - 0x00007ffa6c377000 	C:\Windows\System32\OLEAUT32.dll
0x00007ffa5e790000 - 0x00007ffa5e7c2000 	C:\Windows\SYSTEM32\dbgcore.DLL
0x00007ffa6be00000 - 0x00007ffa6be7b000 	C:\Windows\System32\bcryptPrimitives.dll
0x00007ffa59310000 - 0x00007ffa5934b000 	D:\DEV\openjdk-17\bin\jdwp.dll
0x00007ffa5bdf0000 - 0x00007ffa5be15000 	D:\DEV\openjdk-17\bin\java.dll
0x00007ffa57900000 - 0x00007ffa579d6000 	D:\DEV\openjdk-17\bin\jsvml.dll
0x00007ffa6dbb0000 - 0x00007ffa6e40f000 	C:\Windows\System32\SHELL32.dll
0x00007ffa69690000 - 0x00007ffa69f8c000 	C:\Windows\SYSTEM32\windows.storage.dll
0x00007ffa69550000 - 0x00007ffa6968f000 	C:\Windows\SYSTEM32\wintypes.dll
0x00007ffa6c560000 - 0x00007ffa6c654000 	C:\Windows\System32\SHCORE.dll
0x00007ffa6cb60000 - 0x00007ffa6cbbe000 	C:\Windows\System32\shlwapi.dll
0x00007ffa6b6b0000 - 0x00007ffa6b6d1000 	C:\Windows\SYSTEM32\profapi.dll
0x00007ffa5cd20000 - 0x00007ffa5cd2c000 	D:\DEV\openjdk-17\bin\dt_socket.dll
0x00007ffa6a2a0000 - 0x00007ffa6a2cd000 	C:\Windows\SYSTEM32\IPHLPAPI.DLL
0x00007ffa6acc0000 - 0x00007ffa6ad29000 	C:\Windows\system32\mswsock.dll
0x00007ffa6a2d0000 - 0x00007ffa6a3c8000 	C:\Windows\SYSTEM32\DNSAPI.dll
0x00007ffa6c730000 - 0x00007ffa6c739000 	C:\Windows\System32\NSI.dll
0x00007ffa66230000 - 0x00007ffa6623a000 	C:\Windows\System32\rasadhlp.dll
0x00007ffa66050000 - 0x00007ffa660d3000 	C:\Windows\System32\fwpuclnt.dll
0x00007ffa5c310000 - 0x00007ffa5c329000 	D:\DEV\openjdk-17\bin\net.dll
0x00007ffa672d0000 - 0x00007ffa67406000 	C:\Windows\SYSTEM32\WINHTTP.dll
0x00007ffa5be40000 - 0x00007ffa5be56000 	D:\DEV\openjdk-17\bin\nio.dll
0x00007ffa5c650000 - 0x00007ffa5c668000 	D:\DEV\openjdk-17\bin\zip.dll
0x00007ffa66fa0000 - 0x00007ffa66fb9000 	C:\Windows\SYSTEM32\dhcpcsvc6.DLL
0x00007ffa66f80000 - 0x00007ffa66f9f000 	C:\Windows\SYSTEM32\dhcpcsvc.DLL
0x00007ffa5bde0000 - 0x00007ffa5bde8000 	D:\DEV\openjdk-17\bin\extnet.dll
0x00007ffa6b010000 - 0x00007ffa6b02b000 	C:\Windows\SYSTEM32\CRYPTSP.dll
0x00007ffa6a7c0000 - 0x00007ffa6a7f5000 	C:\Windows\system32\rsaenh.dll
0x00007ffa6ad60000 - 0x00007ffa6ad88000 	C:\Windows\SYSTEM32\USERENV.dll
0x00007ffa6aec0000 - 0x00007ffa6aecc000 	C:\Windows\SYSTEM32\CRYPTBASE.dll
0x00007ffa5c860000 - 0x00007ffa5c870000 	D:\DEV\openjdk-17\bin\verify.dll
0x00007ffa5c870000 - 0x00007ffa5c87e000 	D:\DEV\openjdk-17\bin\instrument.dll

dbghelp: loaded successfully - version: 4.0.5 - missing functions: none
symbol engine: initialized successfully - sym options: 0x614 - pdb path: .;D:\DEV\openjdk-17\bin;C:\Windows\SYSTEM32;C:\Windows\WinSxS\amd64_microsoft.windows.common-controls_6595b64144ccf1df_6.0.22621.3672_none_2713b9d173822955;D:\DEV\openjdk-17\bin\server

VM Arguments:
jvm_args: -Xdebug -Xnoagent -Djava.compiler=NONE -Xrunjdwp:transport=dt_socket,address=localhost:57414,server=n,suspend=y -ea -XX:+ShowCodeDetailsInExceptionMessages -Dfile.encoding=UTF-8 
java_command: org.eclipse.jdt.internal.junit.runner.RemoteTestRunner -version 3 -port 57411 -testLoaderClass org.eclipse.jdt.internal.junit5.runner.JUnit5TestLoader -loaderpluginname org.eclipse.jdt.junit5.runtime -testNameFile C:\Users\c1soj\AppData\Local\Temp\testNames13690374644013763821.txt
java_class_path (initial): d:\DEV\Source\cepass-oftp2-refactoring\cepass-oftp2-core\target\test-classes;d:\DEV\Source\cepass-oftp2-refactoring\cepass-oftp2-core\target\classes;c:\Users\c1soj\.m2\repository\junit\junit\4.11\junit-4.11.jar;c:\Users\c1soj\.m2\repository\org\hamcrest\hamcrest-core\2.2\hamcrest-core-2.2.jar;c:\Users\c1soj\.m2\repository\org\hamcrest\hamcrest\2.2\hamcrest-2.2.jar;c:\Users\c1soj\.m2\repository\org\bouncycastle\bcmail-jdk16\1.46\bcmail-jdk16-1.46.jar;c:\Users\c1soj\.m2\repository\org\bouncycastle\bcprov-jdk16\1.46\bcprov-jdk16-1.46.jar;c:\Users\c1soj\.m2\repository\io\netty\netty-all\4.1.42.Final\netty-all-4.1.42.Final.jar;c:\Users\c1soj\.m2\repository\org\neociclo\accord\odetteftp\oftp-core\1.2.0.RC1\oftp-core-1.2.0.RC1.jar;c:\Users\c1soj\.m2\repository\org\jboss\netty\netty\3.2.2.Final\netty-3.2.2.Final.jar;c:\Users\c1soj\.m2\repository\org\projectlombok\lombok\1.18.34\lombok-1.18.34.jar;c:\Users\c1soj\.m2\repository\org\junit\jupiter\junit-jupiter-api\5.10.0\junit-jupiter-api-5.10.0.jar;c:\Users\c1soj\.m2\repository\org\opentest4j\opentest4j\1.3.0\opentest4j-1.3.0.jar;c:\Users\c1soj\.m2\repository\org\junit\platform\junit-platform-commons\1.10.3\junit-platform-commons-1.10.3.jar;c:\Users\c1soj\.m2\repository\org\apiguardian\apiguardian-api\1.1.2\apiguardian-api-1.1.2.jar;c:\Users\c1soj\.m2\repository\org\junit\jupiter\junit-jupiter-engine\5.10.0\junit-jupiter-engine-5.10.0.jar;c:\Users\c1soj\.m2\repository\org\junit\platform\junit-platform-engine\1.10.3\junit-platform-engine-1.10.3.jar;c:\Users\c1soj\.m2\repository\org\mockito\mockito-core\5.4.0\mockito-core-5.4.0.jar;c:\Users\c1soj\.m2\repository\net\bytebuddy\byte-buddy\1.14.18\byte-buddy-1.14.18.jar;c:\Users\c1soj\.m2\repository\net\bytebuddy\byte-buddy-agent\1.14.18\byte-buddy-agent-1.14.18.jar;c:\Users\c1soj\.m2\repository\org\objenesis\objenesis\3.3\objenesis-3.3.jar;c:\Users\c1soj\.m2\repository\org\mockito\mockito-junit-jupiter\5.4.0\mockito-junit-jupiter-5.4.0.jar;c:\Users\c1s
Launcher Type: SUN_STANDARD

[Global flags]
     intx CICompilerCount                          = 12                                        {product} {ergonomic}
     uint ConcGCThreads                            = 3                                         {product} {ergonomic}
     uint G1ConcRefinementThreads                  = 13                                        {product} {ergonomic}
   size_t G1HeapRegionSize                         = 4194304                                   {product} {ergonomic}
    uintx GCDrainStackTargetSize                   = 64                                        {product} {ergonomic}
   size_t InitialHeapSize                          = 515899392                                 {product} {ergonomic}
   size_t MarkStackSize                            = 4194304                                   {product} {ergonomic}
   size_t MaxHeapSize                              = 8233418752                                {product} {ergonomic}
   size_t MaxNewSize                               = 4936695808                                {product} {ergonomic}
   size_t MinHeapDeltaBytes                        = 4194304                                   {product} {ergonomic}
   size_t MinHeapSize                              = 8388608                                   {product} {ergonomic}
    uintx NonNMethodCodeHeapSize                   = 7602480                                {pd product} {ergonomic}
    uintx NonProfiledCodeHeapSize                  = 122027880                              {pd product} {ergonomic}
    uintx ProfiledCodeHeapSize                     = 122027880                              {pd product} {ergonomic}
    uintx ReservedCodeCacheSize                    = 251658240                              {pd product} {ergonomic}
     bool SegmentedCodeCache                       = true                                      {product} {ergonomic}
     bool ShowCodeDetailsInExceptionMessages       = true                                   {manageable} {command line}
   size_t SoftMaxHeapSize                          = 8233418752                             {manageable} {ergonomic}
     bool UseCompressedClassPointers               = true                           {product lp64_product} {ergonomic}
     bool UseCompressedOops                        = true                           {product lp64_product} {ergonomic}
     bool UseG1GC                                  = true                                      {product} {ergonomic}
     bool UseLargePagesIndividualAllocation        = false                                  {pd product} {ergonomic}

Logging:
Log output configuration:
 #0: stdout all=warning uptime,level,tags
 #1: stderr all=off uptime,level,tags

Environment Variables:
JAVA_HOME=D:\DEV\openjdk-17
PATH=C:\Windows\system32;C:\Windows;C:\Windows\System32\Wbem;C:\Windows\System32\WindowsPowerShell\v1.0\;C:\Windows\System32\OpenSSH\;C:\Program Files\Git\cmd;D:\DEV\apache-maven-3.9.8\bin;C:\Program Files\Docker\Docker\resources\bin;C:\Users\c1soj\AppData\Roaming\nvm;D:\DEV\Node;C:\Users\c1soj\Downloads\nssm-2.24\nssm-2.24\win64;D:\DEV\openjdk-17\bin;C:\Users\c1soj\AppData\Local\Microsoft\WindowsApps;D:\DEV\Microsoft VS Code\bin;C:\Program Files\JetBrains\IntelliJ IDEA Community Edition 2024.1.3\bin;;C:\Users\c1soj\AppData\Roaming\nvm;D:\DEV\Node
USERNAME=c1soj
OS=Windows_NT
PROCESSOR_IDENTIFIER=AMD64 Family 25 Model 116 Stepping 1, AuthenticAMD
TMP=C:\Users\c1soj\AppData\Local\Temp
TEMP=C:\Users\c1soj\AppData\Local\Temp



Periodic native trim disabled


---------------  S Y S T E M  ---------------

OS:
 Windows 11 , 64 bit Build 22621 (10.0.22621.3672)
OS uptime: 2 days 4:23 hours
Hyper-V role detected

CPU: total 16 (initial active 16) (16 cores per cpu, 2 threads per core) family 25 model 116 stepping 1 microcode 0x0, cx8, cmov, fxsr, ht, mmx, 3dnowpref, sse, sse2, sse3, ssse3, sse4a, sse4.1, sse4.2, popcnt, lzcnt, tsc, tscinvbit, avx, avx2, aes, erms, clmul, bmi1, bmi2, adx, avx512f, avx512dq, avx512cd, avx512bw, avx512vl, sha, fma, vzeroupper, avx512_vpopcntdq, avx512_vpclmulqdq, avx512_vaes, avx512_vnni, clflush, clflushopt, avx512_vbmi2, avx512_vbmi, hv
Processor Information for processor 0
  Max Mhz: 3301, Current Mhz: 2646, Mhz Limit: 3301
Processor Information for processor 1
  Max Mhz: 3301, Current Mhz: 2646, Mhz Limit: 3301
Processor Information for processor 2
  Max Mhz: 3301, Current Mhz: 3301, Mhz Limit: 3301
Processor Information for processor 3
  Max Mhz: 3301, Current Mhz: 2646, Mhz Limit: 3301
Processor Information for processor 4
  Max Mhz: 3301, Current Mhz: 2646, Mhz Limit: 3301
Processor Information for processor 5
  Max Mhz: 3301, Current Mhz: 2646, Mhz Limit: 3301
Processor Information for processor 6
  Max Mhz: 3301, Current Mhz: 2646, Mhz Limit: 3301
Processor Information for processor 7
  Max Mhz: 3301, Current Mhz: 2646, Mhz Limit: 3301
Processor Information for processor 8
  Max Mhz: 3301, Current Mhz: 2646, Mhz Limit: 3301
Processor Information for processor 9
  Max Mhz: 3301, Current Mhz: 2646, Mhz Limit: 3301
Processor Information for processor 10
  Max Mhz: 3301, Current Mhz: 2646, Mhz Limit: 3301
Processor Information for processor 11
  Max Mhz: 3301, Current Mhz: 3301, Mhz Limit: 3301
Processor Information for processor 12
  Max Mhz: 3301, Current Mhz: 3301, Mhz Limit: 3301
Processor Information for processor 13
  Max Mhz: 3301, Current Mhz: 3301, Mhz Limit: 3301
Processor Information for processor 14
  Max Mhz: 3301, Current Mhz: 3301, Mhz Limit: 3301
Processor Information for processor 15
  Max Mhz: 3301, Current Mhz: 2646, Mhz Limit: 3301

Memory: 4k page, system-wide physical 31401M (12298M free)
TotalPageFile size 41129M (AvailPageFile size 10710M)
current process WorkingSet (physical memory assigned to process): 101M, peak: 131M
current process commit charge ("private bytes"): 625M, peak: 655M

vm_info: OpenJDK 64-Bit Server VM (17.0.11+9-adhoc..jdk17u) for windows-amd64 JRE (17.0.11+9-adhoc..jdk17u), built on Apr 19 2024 08:33:45 by "" with MS VC++ 16.10 / 16.11 (VS2019)

END.
