#
# A fatal error has been detected by the Java Runtime Environment:
#
#  Internal Error (constantTag.cpp:65), pid=27204, tid=36688
#  Error: ShouldNotReachHere()
#
# JRE version: OpenJDK Runtime Environment OpenLogic-OpenJDK (17.0.11+9) (build 17.0.11+9-adhoc..jdk17u)
# Java VM: OpenJDK 64-Bit Server VM OpenLogic-OpenJDK (17.0.11+9-adhoc..jdk17u, mixed mode, sharing, tiered, compressed oops, compressed class ptrs, g1 gc, windows-amd64)
# No core dump will be written. Minidumps are not enabled by default on client versions of Windows
#
# If you would like to submit a bug report, please visit:
#   https://techsupport.roguewave.com/
#

---------------  S U M M A R Y ------------

Command Line: -Xdebug -Xnoagent -Djava.compiler=NONE -Xrunjdwp:transport=dt_socket,address=localhost:59393,server=n,suspend=y -ea -XX:+ShowCodeDetailsInExceptionMessages -Dfile.encoding=UTF-8 org.eclipse.jdt.internal.junit.runner.RemoteTestRunner -version 3 -port 59390 -testLoaderClass org.eclipse.jdt.internal.junit5.runner.JUnit5TestLoader -loaderpluginname org.eclipse.jdt.junit5.runtime -testNameFile C:\Users\c1soj\AppData\Local\Temp\testNames10056572269841115235.txt

Host: AMD Ryzen 7 PRO 7840U w/ Radeon 780M Graphics  , 16 cores, 30G,  Windows 11 , 64 bit Build 22621 (10.0.22621.3672)
Time: Fri Aug  9 16:12:57 2024  Windows 11 , 64 bit Build 22621 (10.0.22621.3672) elapsed time: 14.558177 seconds (0d 0h 0m 14s)

---------------  T H R E A D  ---------------

Current thread (0x0000020b6a7ccda0):  JavaThread "pool-1-thread-1" [_thread_in_vm, id=36688, stack(0x000000cb98a00000,0x000000cb98b00000)]

Stack: [0x000000cb98a00000,0x000000cb98b00000]
Native frames: (J=compiled Java code, j=interpreted, Vv=VM code, C=native code)
V  [jvm.dll+0x67d009]
V  [jvm.dll+0x8348aa]
V  [jvm.dll+0x83636e]
V  [jvm.dll+0x836987]
V  [jvm.dll+0x24790a]
V  [jvm.dll+0x247843]
V  [jvm.dll+0x24307f]
V  [jvm.dll+0x23d44d]
V  [jvm.dll+0x386405]
C  0x0000020b07463e26

The last pc belongs to ldc (printed below).
Java frames: (J=compiled Java code, j=interpreted, Vv=VM code)
j  com.inspien.cepaas.server.OftpServerHelper.createFileName(Lorg/neociclo/odetteftp/protocol/OdetteFtpObject;)Ljava/lang/String;+14
j  com.inspien.cepaas.server.ServerRoutingWorker$MakeDeliveryTask.run()V+4
j  java.util.concurrent.Executors$RunnableAdapter.call()Ljava/lang/Object;+4 java.base@17.0.11
j  java.util.concurrent.FutureTask.run()V+39 java.base@17.0.11
j  java.util.concurrent.ThreadPoolExecutor.runWorker(Ljava/util/concurrent/ThreadPoolExecutor$Worker;)V+92 java.base@17.0.11
j  java.util.concurrent.ThreadPoolExecutor$Worker.run()V+5 java.base@17.0.11
j  java.lang.Thread.run()V+11 java.base@17.0.11
v  ~StubRoutines::call_stub
ldc  18 ldc  [0x0000020b07463bc0, 0x0000020b07464020]  1120 bytes
[MachCode]
  0x0000020b07463bc0: 4883 ec08 | c5fa 1104 | 24eb 1f48 | 83ec 10c5 | fb11 0424 | eb14 4883 | ec10 4889 | 0424 48c7 
  0x0000020b07463be0: 4424 0800 | 0000 00eb | 0150 410f | b65d 0148 | 8b4d e848 | 8b49 0848 | 8b49 0848 | 8b41 080f 
  0x0000020b07463c00: b654 1804 | 83fa 6474 | 0e83 fa67 | 7409 83fa | 070f 8584 | 0100 00ba | 0000 0000 | e805 0000 
  0x0000020b07463c20: 00e9 6f01 | 0000 488d | 4424 084c | 896d c049 | 8bcf c5f8 | 7749 89af | a802 0000 | 4989 8798 
  0x0000020b07463c40: 0200 0048 | 83ec 20f7 | c40f 0000 | 000f 841a | 0000 0048 | 83ec 0849 | ba30 3e29 | 50fa 7f00 
  0x0000020b07463c60: 0041 ffd2 | 4883 c408 | e90d 0000 | 0049 ba30 | 3e29 50fa | 7f00 0041 | ffd2 4883 | c420 49c7 
  0x0000020b07463c80: 8798 0200 | 0000 0000 | 0049 c787 | a802 0000 | 0000 0000 | 49c7 87a0 | 0200 0000 | 0000 00c5 
  0x0000020b07463ca0: f877 418b | 8f0c 0400 | 00f7 c101 | 0000 000f | 8449 0000 | 00f7 c102 | 0000 000f | 853d 0000 
  0x0000020b07463cc0: 0048 83ec | 20f7 c40f | 0000 000f | 841a 0000 | 0048 83ec | 0849 ba60 | fb28 50fa | 7f00 0041 
  0x0000020b07463ce0: ffd2 4883 | c408 e90d | 0000 0049 | ba60 fb28 | 50fa 7f00 | 0041 ffd2 | 4883 c420 | ffe0 498b 
  0x0000020b07463d00: 8f90 0400 | 0048 85c9 | 0f84 5900 | 0000 8b89 | 8c00 0000 | 83f9 010f | 854a 0000 | 0049 8b8f 
  0x0000020b07463d20: 9004 0000 | 8b89 9000 | 0000 4883 | ec20 f7c4 | 0f00 0000 | 0f84 1a00 | 0000 4883 | ec08 49ba 
  0x0000020b07463d40: 50fb 2850 | fa7f 0000 | 41ff d248 | 83c4 08e9 | 0d00 0000 | 49ba 50fb | 2850 fa7f | 0000 41ff 
  0x0000020b07463d60: d248 83c4 | 20ff e049 | 817f 0800 | 0000 000f | 8405 0000 | 00e9 86d1 | feff 498b | 87f0 0200 
  0x0000020b07463d80: 0049 c787 | f002 0000 | 0000 0000 | 4c8b 6dc0 | 4c8b 75c8 | c350 e95c | 0200 0083 | fa04 7514 
  0x0000020b07463da0: c5fa 1044 | d948 4883 | ec08 c5fa | 1104 24e9 | 4302 0000 | 83fa 0375 | 0a8b 44d9 | 4850 e934 
  0x0000020b07463dc0: 0200 00ba | 1200 0000 | e805 0000 | 00e9 6f01 | 0000 488d | 4424 084c | 896d c049 | 8bcf c5f8 
  0x0000020b07463de0: 7749 89af | a802 0000 | 4989 8798 | 0200 0048 | 83ec 20f7 | c40f 0000 | 000f 841a | 0000 0048 
  0x0000020b07463e00: 83ec 0849 | ba10 6329 | 50fa 7f00 | 0041 ffd2 | 4883 c408 | e90d 0000 | 0049 ba10 | 6329 50fa 
  0x0000020b07463e20: 7f00 0041 | ffd2 4883 | c420 49c7 | 8798 0200 | 0000 0000 | 0049 c787 | a802 0000 | 0000 0000 
  0x0000020b07463e40: 49c7 87a0 | 0200 0000 | 0000 00c5 | f877 418b | 8f0c 0400 | 00f7 c101 | 0000 000f | 8449 0000 
  0x0000020b07463e60: 00f7 c102 | 0000 000f | 853d 0000 | 0048 83ec | 20f7 c40f | 0000 000f | 841a 0000 | 0048 83ec 
  0x0000020b07463e80: 0849 ba60 | fb28 50fa | 7f00 0041 | ffd2 4883 | c408 e90d | 0000 0049 | ba60 fb28 | 50fa 7f00 
  0x0000020b07463ea0: 0041 ffd2 | 4883 c420 | ffe0 498b | 8f90 0400 | 0048 85c9 | 0f84 5900 | 0000 8b89 | 8c00 0000 
  0x0000020b07463ec0: 83f9 010f | 854a 0000 | 0049 8b8f | 9004 0000 | 8b89 9000 | 0000 4883 | ec20 f7c4 | 0f00 0000 
  0x0000020b07463ee0: 0f84 1a00 | 0000 4883 | ec08 49ba | 50fb 2850 | fa7f 0000 | 41ff d248 | 83c4 08e9 | 0d00 0000 
  0x0000020b07463f00: 49ba 50fb | 2850 fa7f | 0000 41ff | d248 83c4 | 20ff e049 | 817f 0800 | 0000 000f | 8405 0000 
  0x0000020b07463f20: 00e9 dacf | feff 498b | 87f0 0200 | 0049 c787 | f002 0000 | 0000 0000 | 4c8b 6dc0 | 4c8b 75c8 
  0x0000020b07463f40: c349 8b8f | f802 0000 | 49c7 87f8 | 0200 0000 | 0000 008b | d981 e3ff | ff00 00c1 | e91c 83e1 
  0x0000020b07463f60: 0f83 f904 | 0f85 0900 | 0000 8b04 | 1850 e984 | 0000 0083 | f906 0f85 | 1300 0000 | c5fa 1004 
  0x0000020b07463f80: 1848 83ec | 08c5 fa11 | 0424 e968 | 0000 0083 | f903 0f85 | 0a00 0000 | 0fbf 0418 | 50e9 5500 
  0x0000020b07463fa0: 0000 83f9 | 000f 850a | 0000 000f | be04 1850 | e942 0000 | 0083 f902 | 0f85 0a00 | 0000 0fb7 
  0x0000020b07463fc0: 0418 50e9 | 2f00 0000 | 83f9 010f | 850a 0000 | 000f be04 | 1850 e91c | 0000 0048 | b960 698d 
  0x0000020b07463fe0: 50fa 7f00 | 0048 83e4 | f049 ba20 | 274c 50fa | 7f00 0041 | ffd2 f441 | 0fb6 5d02 | 4983 c502 
  0x0000020b07464000: 49ba 10aa | ab50 fa7f | 0000 41ff | 24da 6690 | 0000 0000 | 0000 0000 | 0000 0000 | 0000 0000 
[/MachCode]

---------------  P R O C E S S  ---------------

Threads class SMR info:
_java_thread_list=0x0000020b6a5e5cc0, length=17, elements={
0x0000020b755723a0, 0x0000020b7fe94da0, 0x0000020b7fe97870, 0x0000020b7feaf6b0,
0x0000020b231760e0, 0x0000020b23176aa0, 0x0000020b2317a480, 0x0000020b2317b220,
0x0000020b2317bcd0, 0x0000020b231846e0, 0x0000020b23380960, 0x0000020b23382820,
0x0000020b23383d30, 0x0000020b2338bc40, 0x0000020b2339dfd0, 0x0000020b6a7ccda0,
0x0000020b6a5e5fc0
}

Java Threads: ( => current thread )
  0x0000020b755723a0 JavaThread "main" [_thread_blocked, id=21476, stack(0x000000cb96200000,0x000000cb96300000)]
  0x0000020b7fe94da0 JavaThread "Reference Handler" daemon [_thread_blocked, id=11684, stack(0x000000cb96900000,0x000000cb96a00000)]
  0x0000020b7fe97870 JavaThread "Finalizer" daemon [_thread_blocked, id=21784, stack(0x000000cb96a00000,0x000000cb96b00000)]
  0x0000020b7feaf6b0 JavaThread "Signal Dispatcher" daemon [_thread_blocked, id=35632, stack(0x000000cb96b00000,0x000000cb96c00000)]
  0x0000020b231760e0 JavaThread "Attach Listener" daemon [_thread_blocked, id=33808, stack(0x000000cb96c00000,0x000000cb96d00000)]
  0x0000020b23176aa0 JavaThread "Service Thread" daemon [_thread_blocked, id=33720, stack(0x000000cb96d00000,0x000000cb96e00000)]
  0x0000020b2317a480 JavaThread "Monitor Deflation Thread" daemon [_thread_blocked, id=34248, stack(0x000000cb96e00000,0x000000cb96f00000)]
  0x0000020b2317b220 JavaThread "C2 CompilerThread0" daemon [_thread_blocked, id=37756, stack(0x000000cb96f00000,0x000000cb97000000)]
  0x0000020b2317bcd0 JavaThread "C1 CompilerThread0" daemon [_thread_blocked, id=26740, stack(0x000000cb97000000,0x000000cb97100000)]
  0x0000020b231846e0 JavaThread "Sweeper thread" daemon [_thread_blocked, id=36036, stack(0x000000cb97100000,0x000000cb97200000)]
  0x0000020b23380960 JavaThread "JDWP Transport Listener: dt_socket" daemon [_thread_blocked, id=22284, stack(0x000000cb97500000,0x000000cb97600000)]
  0x0000020b23382820 JavaThread "JDWP Event Helper Thread" daemon [_thread_blocked, id=39728, stack(0x000000cb97600000,0x000000cb97700000)]
  0x0000020b23383d30 JavaThread "JDWP Command Reader" daemon [_thread_in_native, id=34044, stack(0x000000cb97700000,0x000000cb97800000)]
  0x0000020b2338bc40 JavaThread "Notification Thread" daemon [_thread_blocked, id=6396, stack(0x000000cb97800000,0x000000cb97900000)]
  0x0000020b2339dfd0 JavaThread "Common-Cleaner" daemon [_thread_blocked, id=37108, stack(0x000000cb97a00000,0x000000cb97b00000)]
=>0x0000020b6a7ccda0 JavaThread "pool-1-thread-1" [_thread_in_vm, id=36688, stack(0x000000cb98a00000,0x000000cb98b00000)]
  0x0000020b6a5e5fc0 JavaThread "Thread-0" [_thread_blocked, id=40176, stack(0x000000cb98700000,0x000000cb98800000)]

Other Threads:
  0x0000020b7fe90740 VMThread "VM Thread" [stack: 0x000000cb96800000,0x000000cb96900000] [id=39344]
  0x0000020b2338c120 WatcherThread [stack: 0x000000cb97900000,0x000000cb97a00000] [id=39584]
  0x0000020b7561c8e0 GCTaskThread "GC Thread#0" [stack: 0x000000cb96300000,0x000000cb96400000] [id=34688]
  0x0000020b69748510 GCTaskThread "GC Thread#1" [stack: 0x000000cb97d00000,0x000000cb97e00000] [id=33596]
  0x0000020b697487d0 GCTaskThread "GC Thread#2" [stack: 0x000000cb97e00000,0x000000cb97f00000] [id=38588]
  0x0000020b69b14d30 GCTaskThread "GC Thread#3" [stack: 0x000000cb97f00000,0x000000cb98000000] [id=15248]
  0x0000020b69b14ff0 GCTaskThread "GC Thread#4" [stack: 0x000000cb98000000,0x000000cb98100000] [id=7560]
  0x0000020b69b156c0 GCTaskThread "GC Thread#5" [stack: 0x000000cb98100000,0x000000cb98200000] [id=22796]
  0x0000020b69b15980 GCTaskThread "GC Thread#6" [stack: 0x000000cb98200000,0x000000cb98300000] [id=1692]
  0x0000020b69b16050 GCTaskThread "GC Thread#7" [stack: 0x000000cb98300000,0x000000cb98400000] [id=35284]
  0x0000020b69b16310 GCTaskThread "GC Thread#8" [stack: 0x000000cb98400000,0x000000cb98500000] [id=24436]
  0x0000020b69b17200 GCTaskThread "GC Thread#9" [stack: 0x000000cb98500000,0x000000cb98600000] [id=35444]
  0x0000020b69b174c0 GCTaskThread "GC Thread#10" [stack: 0x000000cb98600000,0x000000cb98700000] [id=38460]
  0x0000020b6a736780 GCTaskThread "GC Thread#11" [stack: 0x000000cb98800000,0x000000cb98900000] [id=28268]
  0x0000020b6a735c80 GCTaskThread "GC Thread#12" [stack: 0x000000cb98900000,0x000000cb98a00000] [id=31872]
  0x0000020b7fccf840 ConcurrentGCThread "G1 Main Marker" [stack: 0x000000cb96400000,0x000000cb96500000] [id=32540]
  0x0000020b7fcd0260 ConcurrentGCThread "G1 Conc#0" [stack: 0x000000cb96500000,0x000000cb96600000] [id=28720]
  0x0000020b7fdcdd50 ConcurrentGCThread "G1 Refine#0" [stack: 0x000000cb96600000,0x000000cb96700000] [id=31076]
  0x0000020b7fdce780 ConcurrentGCThread "G1 Service" [stack: 0x000000cb96700000,0x000000cb96800000] [id=25724]

Threads with active compile tasks:

VM state: not at safepoint (normal execution)

VM Mutex/Monitor currently owned by a thread: None

Heap address: 0x0000000615400000, size: 7852 MB, Compressed Oops mode: Zero based, Oop shift amount: 3

CDS archive(s) mapped at: [0x0000020b24000000-0x0000020b24bc0000-0x0000020b24bc0000), size 12320768, SharedBaseAddress: 0x0000020b24000000, ArchiveRelocationMode: 1.
Compressed class space mapped at: 0x0000020b25000000-0x0000020b65000000, reserved size: 1073741824
Narrow klass base: 0x0000020b24000000, Narrow klass shift: 0, Narrow klass range: 0x100000000

GC Precious Log:
 CPUs: 16 total, 16 available
 Memory: 31401M
 Large Page Support: Disabled
 NUMA Support: Disabled
 Compressed Oops: Enabled (Zero based)
 Heap Region Size: 4M
 Heap Min Capacity: 8M
 Heap Initial Capacity: 492M
 Heap Max Capacity: 7852M
 Pre-touch: Disabled
 Parallel Workers: 13
 Concurrent Workers: 3
 Concurrent Refinement Workers: 13
 Periodic GC: Disabled

Heap:
 garbage-first heap   total 503808K, used 22237K [0x0000000615400000, 0x0000000800000000)
  region size 4096K, 6 young (24576K), 1 survivors (4096K)
 Metaspace       used 14363K, committed 14656K, reserved 1114112K
  class space    used 2185K, committed 2368K, reserved 1048576K

Heap Regions: E=young(eden), S=young(survivor), O=old, HS=humongous(starts), HC=humongous(continues), CS=collection set, F=free, OA=open archive, CA=closed archive, TAMS=top-at-mark-start (previous, next)
|   0|0x0000000615400000, 0x0000000615800000, 0x0000000615800000|100%| O|  |TAMS 0x0000000615400000, 0x0000000615400000| Untracked 
|   1|0x0000000615800000, 0x000000061581fc00, 0x0000000615c00000|  3%| O|  |TAMS 0x0000000615800000, 0x0000000615800000| Untracked 
|   2|0x0000000615c00000, 0x0000000615c00000, 0x0000000616000000|  0%| F|  |TAMS 0x0000000615c00000, 0x0000000615c00000| Untracked 
|   3|0x0000000616000000, 0x0000000616000000, 0x0000000616400000|  0%| F|  |TAMS 0x0000000616000000, 0x0000000616000000| Untracked 
|   4|0x0000000616400000, 0x0000000616400000, 0x0000000616800000|  0%| F|  |TAMS 0x0000000616400000, 0x0000000616400000| Untracked 
|   5|0x0000000616800000, 0x0000000616800000, 0x0000000616c00000|  0%| F|  |TAMS 0x0000000616800000, 0x0000000616800000| Untracked 
|   6|0x0000000616c00000, 0x0000000616c00000, 0x0000000617000000|  0%| F|  |TAMS 0x0000000616c00000, 0x0000000616c00000| Untracked 
|   7|0x0000000617000000, 0x0000000617000000, 0x0000000617400000|  0%| F|  |TAMS 0x0000000617000000, 0x0000000617000000| Untracked 
|   8|0x0000000617400000, 0x0000000617400000, 0x0000000617800000|  0%| F|  |TAMS 0x0000000617400000, 0x0000000617400000| Untracked 
|   9|0x0000000617800000, 0x0000000617800000, 0x0000000617c00000|  0%| F|  |TAMS 0x0000000617800000, 0x0000000617800000| Untracked 
|  10|0x0000000617c00000, 0x0000000617c00000, 0x0000000618000000|  0%| F|  |TAMS 0x0000000617c00000, 0x0000000617c00000| Untracked 
|  11|0x0000000618000000, 0x0000000618000000, 0x0000000618400000|  0%| F|  |TAMS 0x0000000618000000, 0x0000000618000000| Untracked 
|  12|0x0000000618400000, 0x0000000618400000, 0x0000000618800000|  0%| F|  |TAMS 0x0000000618400000, 0x0000000618400000| Untracked 
|  13|0x0000000618800000, 0x0000000618800000, 0x0000000618c00000|  0%| F|  |TAMS 0x0000000618800000, 0x0000000618800000| Untracked 
|  14|0x0000000618c00000, 0x0000000618c00000, 0x0000000619000000|  0%| F|  |TAMS 0x0000000618c00000, 0x0000000618c00000| Untracked 
|  15|0x0000000619000000, 0x0000000619000000, 0x0000000619400000|  0%| F|  |TAMS 0x0000000619000000, 0x0000000619000000| Untracked 
|  16|0x0000000619400000, 0x0000000619400000, 0x0000000619800000|  0%| F|  |TAMS 0x0000000619400000, 0x0000000619400000| Untracked 
|  17|0x0000000619800000, 0x0000000619800000, 0x0000000619c00000|  0%| F|  |TAMS 0x0000000619800000, 0x0000000619800000| Untracked 
|  18|0x0000000619c00000, 0x0000000619c00000, 0x000000061a000000|  0%| F|  |TAMS 0x0000000619c00000, 0x0000000619c00000| Untracked 
|  19|0x000000061a000000, 0x000000061a000000, 0x000000061a400000|  0%| F|  |TAMS 0x000000061a000000, 0x000000061a000000| Untracked 
|  20|0x000000061a400000, 0x000000061a400000, 0x000000061a800000|  0%| F|  |TAMS 0x000000061a400000, 0x000000061a400000| Untracked 
|  21|0x000000061a800000, 0x000000061a800000, 0x000000061ac00000|  0%| F|  |TAMS 0x000000061a800000, 0x000000061a800000| Untracked 
|  22|0x000000061ac00000, 0x000000061ac00000, 0x000000061b000000|  0%| F|  |TAMS 0x000000061ac00000, 0x000000061ac00000| Untracked 
|  23|0x000000061b000000, 0x000000061b000000, 0x000000061b400000|  0%| F|  |TAMS 0x000000061b000000, 0x000000061b000000| Untracked 
|  24|0x000000061b400000, 0x000000061b400000, 0x000000061b800000|  0%| F|  |TAMS 0x000000061b400000, 0x000000061b400000| Untracked 
|  25|0x000000061b800000, 0x000000061b800000, 0x000000061bc00000|  0%| F|  |TAMS 0x000000061b800000, 0x000000061b800000| Untracked 
|  26|0x000000061bc00000, 0x000000061bc00000, 0x000000061c000000|  0%| F|  |TAMS 0x000000061bc00000, 0x000000061bc00000| Untracked 
|  27|0x000000061c000000, 0x000000061c000000, 0x000000061c400000|  0%| F|  |TAMS 0x000000061c000000, 0x000000061c000000| Untracked 
|  28|0x000000061c400000, 0x000000061c400000, 0x000000061c800000|  0%| F|  |TAMS 0x000000061c400000, 0x000000061c400000| Untracked 
|  29|0x000000061c800000, 0x000000061c800000, 0x000000061cc00000|  0%| F|  |TAMS 0x000000061c800000, 0x000000061c800000| Untracked 
|  30|0x000000061cc00000, 0x000000061cc00000, 0x000000061d000000|  0%| F|  |TAMS 0x000000061cc00000, 0x000000061cc00000| Untracked 
|  31|0x000000061d000000, 0x000000061d000000, 0x000000061d400000|  0%| F|  |TAMS 0x000000061d000000, 0x000000061d000000| Untracked 
|  32|0x000000061d400000, 0x000000061d400000, 0x000000061d800000|  0%| F|  |TAMS 0x000000061d400000, 0x000000061d400000| Untracked 
|  33|0x000000061d800000, 0x000000061d800000, 0x000000061dc00000|  0%| F|  |TAMS 0x000000061d800000, 0x000000061d800000| Untracked 
|  34|0x000000061dc00000, 0x000000061dc00000, 0x000000061e000000|  0%| F|  |TAMS 0x000000061dc00000, 0x000000061dc00000| Untracked 
|  35|0x000000061e000000, 0x000000061e000000, 0x000000061e400000|  0%| F|  |TAMS 0x000000061e000000, 0x000000061e000000| Untracked 
|  36|0x000000061e400000, 0x000000061e400000, 0x000000061e800000|  0%| F|  |TAMS 0x000000061e400000, 0x000000061e400000| Untracked 
|  37|0x000000061e800000, 0x000000061e800000, 0x000000061ec00000|  0%| F|  |TAMS 0x000000061e800000, 0x000000061e800000| Untracked 
|  38|0x000000061ec00000, 0x000000061ec00000, 0x000000061f000000|  0%| F|  |TAMS 0x000000061ec00000, 0x000000061ec00000| Untracked 
|  39|0x000000061f000000, 0x000000061f000000, 0x000000061f400000|  0%| F|  |TAMS 0x000000061f000000, 0x000000061f000000| Untracked 
|  40|0x000000061f400000, 0x000000061f400000, 0x000000061f800000|  0%| F|  |TAMS 0x000000061f400000, 0x000000061f400000| Untracked 
|  41|0x000000061f800000, 0x000000061f800000, 0x000000061fc00000|  0%| F|  |TAMS 0x000000061f800000, 0x000000061f800000| Untracked 
|  42|0x000000061fc00000, 0x000000061fc00000, 0x0000000620000000|  0%| F|  |TAMS 0x000000061fc00000, 0x000000061fc00000| Untracked 
|  43|0x0000000620000000, 0x0000000620000000, 0x0000000620400000|  0%| F|  |TAMS 0x0000000620000000, 0x0000000620000000| Untracked 
|  44|0x0000000620400000, 0x0000000620400000, 0x0000000620800000|  0%| F|  |TAMS 0x0000000620400000, 0x0000000620400000| Untracked 
|  45|0x0000000620800000, 0x0000000620800000, 0x0000000620c00000|  0%| F|  |TAMS 0x0000000620800000, 0x0000000620800000| Untracked 
|  46|0x0000000620c00000, 0x0000000620c00000, 0x0000000621000000|  0%| F|  |TAMS 0x0000000620c00000, 0x0000000620c00000| Untracked 
|  47|0x0000000621000000, 0x0000000621000000, 0x0000000621400000|  0%| F|  |TAMS 0x0000000621000000, 0x0000000621000000| Untracked 
|  48|0x0000000621400000, 0x0000000621400000, 0x0000000621800000|  0%| F|  |TAMS 0x0000000621400000, 0x0000000621400000| Untracked 
|  49|0x0000000621800000, 0x0000000621800000, 0x0000000621c00000|  0%| F|  |TAMS 0x0000000621800000, 0x0000000621800000| Untracked 
|  50|0x0000000621c00000, 0x0000000621c00000, 0x0000000622000000|  0%| F|  |TAMS 0x0000000621c00000, 0x0000000621c00000| Untracked 
|  51|0x0000000622000000, 0x0000000622000000, 0x0000000622400000|  0%| F|  |TAMS 0x0000000622000000, 0x0000000622000000| Untracked 
|  52|0x0000000622400000, 0x0000000622400000, 0x0000000622800000|  0%| F|  |TAMS 0x0000000622400000, 0x0000000622400000| Untracked 
|  53|0x0000000622800000, 0x0000000622800000, 0x0000000622c00000|  0%| F|  |TAMS 0x0000000622800000, 0x0000000622800000| Untracked 
|  54|0x0000000622c00000, 0x0000000622c00000, 0x0000000623000000|  0%| F|  |TAMS 0x0000000622c00000, 0x0000000622c00000| Untracked 
|  55|0x0000000623000000, 0x0000000623000000, 0x0000000623400000|  0%| F|  |TAMS 0x0000000623000000, 0x0000000623000000| Untracked 
|  56|0x0000000623400000, 0x0000000623400000, 0x0000000623800000|  0%| F|  |TAMS 0x0000000623400000, 0x0000000623400000| Untracked 
|  57|0x0000000623800000, 0x0000000623800000, 0x0000000623c00000|  0%| F|  |TAMS 0x0000000623800000, 0x0000000623800000| Untracked 
|  58|0x0000000623c00000, 0x0000000623c00000, 0x0000000624000000|  0%| F|  |TAMS 0x0000000623c00000, 0x0000000623c00000| Untracked 
|  59|0x0000000624000000, 0x0000000624000000, 0x0000000624400000|  0%| F|  |TAMS 0x0000000624000000, 0x0000000624000000| Untracked 
|  60|0x0000000624400000, 0x0000000624400000, 0x0000000624800000|  0%| F|  |TAMS 0x0000000624400000, 0x0000000624400000| Untracked 
|  61|0x0000000624800000, 0x0000000624800000, 0x0000000624c00000|  0%| F|  |TAMS 0x0000000624800000, 0x0000000624800000| Untracked 
|  62|0x0000000624c00000, 0x0000000624c00000, 0x0000000625000000|  0%| F|  |TAMS 0x0000000624c00000, 0x0000000624c00000| Untracked 
|  63|0x0000000625000000, 0x0000000625000000, 0x0000000625400000|  0%| F|  |TAMS 0x0000000625000000, 0x0000000625000000| Untracked 
|  64|0x0000000625400000, 0x0000000625400000, 0x0000000625800000|  0%| F|  |TAMS 0x0000000625400000, 0x0000000625400000| Untracked 
|  65|0x0000000625800000, 0x0000000625800000, 0x0000000625c00000|  0%| F|  |TAMS 0x0000000625800000, 0x0000000625800000| Untracked 
|  66|0x0000000625c00000, 0x0000000625c00000, 0x0000000626000000|  0%| F|  |TAMS 0x0000000625c00000, 0x0000000625c00000| Untracked 
|  67|0x0000000626000000, 0x0000000626000000, 0x0000000626400000|  0%| F|  |TAMS 0x0000000626000000, 0x0000000626000000| Untracked 
|  68|0x0000000626400000, 0x0000000626400000, 0x0000000626800000|  0%| F|  |TAMS 0x0000000626400000, 0x0000000626400000| Untracked 
|  69|0x0000000626800000, 0x0000000626800000, 0x0000000626c00000|  0%| F|  |TAMS 0x0000000626800000, 0x0000000626800000| Untracked 
|  70|0x0000000626c00000, 0x0000000626c00000, 0x0000000627000000|  0%| F|  |TAMS 0x0000000626c00000, 0x0000000626c00000| Untracked 
|  71|0x0000000627000000, 0x0000000627000000, 0x0000000627400000|  0%| F|  |TAMS 0x0000000627000000, 0x0000000627000000| Untracked 
|  72|0x0000000627400000, 0x0000000627400000, 0x0000000627800000|  0%| F|  |TAMS 0x0000000627400000, 0x0000000627400000| Untracked 
|  73|0x0000000627800000, 0x0000000627800000, 0x0000000627c00000|  0%| F|  |TAMS 0x0000000627800000, 0x0000000627800000| Untracked 
|  74|0x0000000627c00000, 0x0000000627c00000, 0x0000000628000000|  0%| F|  |TAMS 0x0000000627c00000, 0x0000000627c00000| Untracked 
|  75|0x0000000628000000, 0x0000000628000000, 0x0000000628400000|  0%| F|  |TAMS 0x0000000628000000, 0x0000000628000000| Untracked 
|  76|0x0000000628400000, 0x0000000628400000, 0x0000000628800000|  0%| F|  |TAMS 0x0000000628400000, 0x0000000628400000| Untracked 
|  77|0x0000000628800000, 0x0000000628800000, 0x0000000628c00000|  0%| F|  |TAMS 0x0000000628800000, 0x0000000628800000| Untracked 
|  78|0x0000000628c00000, 0x0000000628c00000, 0x0000000629000000|  0%| F|  |TAMS 0x0000000628c00000, 0x0000000628c00000| Untracked 
|  79|0x0000000629000000, 0x0000000629000000, 0x0000000629400000|  0%| F|  |TAMS 0x0000000629000000, 0x0000000629000000| Untracked 
|  80|0x0000000629400000, 0x0000000629400000, 0x0000000629800000|  0%| F|  |TAMS 0x0000000629400000, 0x0000000629400000| Untracked 
|  81|0x0000000629800000, 0x0000000629800000, 0x0000000629c00000|  0%| F|  |TAMS 0x0000000629800000, 0x0000000629800000| Untracked 
|  82|0x0000000629c00000, 0x0000000629c00000, 0x000000062a000000|  0%| F|  |TAMS 0x0000000629c00000, 0x0000000629c00000| Untracked 
|  83|0x000000062a000000, 0x000000062a000000, 0x000000062a400000|  0%| F|  |TAMS 0x000000062a000000, 0x000000062a000000| Untracked 
|  84|0x000000062a400000, 0x000000062a400000, 0x000000062a800000|  0%| F|  |TAMS 0x000000062a400000, 0x000000062a400000| Untracked 
|  85|0x000000062a800000, 0x000000062a800000, 0x000000062ac00000|  0%| F|  |TAMS 0x000000062a800000, 0x000000062a800000| Untracked 
|  86|0x000000062ac00000, 0x000000062ac00000, 0x000000062b000000|  0%| F|  |TAMS 0x000000062ac00000, 0x000000062ac00000| Untracked 
|  87|0x000000062b000000, 0x000000062b000000, 0x000000062b400000|  0%| F|  |TAMS 0x000000062b000000, 0x000000062b000000| Untracked 
|  88|0x000000062b400000, 0x000000062b400000, 0x000000062b800000|  0%| F|  |TAMS 0x000000062b400000, 0x000000062b400000| Untracked 
|  89|0x000000062b800000, 0x000000062b800000, 0x000000062bc00000|  0%| F|  |TAMS 0x000000062b800000, 0x000000062b800000| Untracked 
|  90|0x000000062bc00000, 0x000000062bc00000, 0x000000062c000000|  0%| F|  |TAMS 0x000000062bc00000, 0x000000062bc00000| Untracked 
|  91|0x000000062c000000, 0x000000062c000000, 0x000000062c400000|  0%| F|  |TAMS 0x000000062c000000, 0x000000062c000000| Untracked 
|  92|0x000000062c400000, 0x000000062c400000, 0x000000062c800000|  0%| F|  |TAMS 0x000000062c400000, 0x000000062c400000| Untracked 
|  93|0x000000062c800000, 0x000000062c800000, 0x000000062cc00000|  0%| F|  |TAMS 0x000000062c800000, 0x000000062c800000| Untracked 
|  94|0x000000062cc00000, 0x000000062cc00000, 0x000000062d000000|  0%| F|  |TAMS 0x000000062cc00000, 0x000000062cc00000| Untracked 
|  95|0x000000062d000000, 0x000000062d000000, 0x000000062d400000|  0%| F|  |TAMS 0x000000062d000000, 0x000000062d000000| Untracked 
|  96|0x000000062d400000, 0x000000062d400000, 0x000000062d800000|  0%| F|  |TAMS 0x000000062d400000, 0x000000062d400000| Untracked 
|  97|0x000000062d800000, 0x000000062d800000, 0x000000062dc00000|  0%| F|  |TAMS 0x000000062d800000, 0x000000062d800000| Untracked 
|  98|0x000000062dc00000, 0x000000062dc00000, 0x000000062e000000|  0%| F|  |TAMS 0x000000062dc00000, 0x000000062dc00000| Untracked 
|  99|0x000000062e000000, 0x000000062e000000, 0x000000062e400000|  0%| F|  |TAMS 0x000000062e000000, 0x000000062e000000| Untracked 
| 100|0x000000062e400000, 0x000000062e400000, 0x000000062e800000|  0%| F|  |TAMS 0x000000062e400000, 0x000000062e400000| Untracked 
| 101|0x000000062e800000, 0x000000062e800000, 0x000000062ec00000|  0%| F|  |TAMS 0x000000062e800000, 0x000000062e800000| Untracked 
| 102|0x000000062ec00000, 0x000000062ec00000, 0x000000062f000000|  0%| F|  |TAMS 0x000000062ec00000, 0x000000062ec00000| Untracked 
| 103|0x000000062f000000, 0x000000062f000000, 0x000000062f400000|  0%| F|  |TAMS 0x000000062f000000, 0x000000062f000000| Untracked 
| 104|0x000000062f400000, 0x000000062f400000, 0x000000062f800000|  0%| F|  |TAMS 0x000000062f400000, 0x000000062f400000| Untracked 
| 105|0x000000062f800000, 0x000000062f800000, 0x000000062fc00000|  0%| F|  |TAMS 0x000000062f800000, 0x000000062f800000| Untracked 
| 106|0x000000062fc00000, 0x000000062fc00000, 0x0000000630000000|  0%| F|  |TAMS 0x000000062fc00000, 0x000000062fc00000| Untracked 
| 107|0x0000000630000000, 0x0000000630000000, 0x0000000630400000|  0%| F|  |TAMS 0x0000000630000000, 0x0000000630000000| Untracked 
| 108|0x0000000630400000, 0x0000000630400000, 0x0000000630800000|  0%| F|  |TAMS 0x0000000630400000, 0x0000000630400000| Untracked 
| 109|0x0000000630800000, 0x0000000630800000, 0x0000000630c00000|  0%| F|  |TAMS 0x0000000630800000, 0x0000000630800000| Untracked 
| 110|0x0000000630c00000, 0x0000000630c00000, 0x0000000631000000|  0%| F|  |TAMS 0x0000000630c00000, 0x0000000630c00000| Untracked 
| 111|0x0000000631000000, 0x0000000631000000, 0x0000000631400000|  0%| F|  |TAMS 0x0000000631000000, 0x0000000631000000| Untracked 
| 112|0x0000000631400000, 0x0000000631400000, 0x0000000631800000|  0%| F|  |TAMS 0x0000000631400000, 0x0000000631400000| Untracked 
| 113|0x0000000631800000, 0x0000000631800000, 0x0000000631c00000|  0%| F|  |TAMS 0x0000000631800000, 0x0000000631800000| Untracked 
| 114|0x0000000631c00000, 0x0000000631c00000, 0x0000000632000000|  0%| F|  |TAMS 0x0000000631c00000, 0x0000000631c00000| Untracked 
| 115|0x0000000632000000, 0x0000000632197ab8, 0x0000000632400000| 39%| S|CS|TAMS 0x0000000632000000, 0x0000000632000000| Complete 
| 116|0x0000000632400000, 0x0000000632400000, 0x0000000632800000|  0%| F|  |TAMS 0x0000000632400000, 0x0000000632400000| Untracked 
| 117|0x0000000632800000, 0x0000000632800000, 0x0000000632c00000|  0%| F|  |TAMS 0x0000000632800000, 0x0000000632800000| Untracked 
| 118|0x0000000632c00000, 0x0000000632d39fd8, 0x0000000633000000| 30%| E|  |TAMS 0x0000000632c00000, 0x0000000632c00000| Complete 
| 119|0x0000000633000000, 0x0000000633400000, 0x0000000633400000|100%| E|CS|TAMS 0x0000000633000000, 0x0000000633000000| Complete 
| 120|0x0000000633400000, 0x0000000633800000, 0x0000000633800000|100%| E|CS|TAMS 0x0000000633400000, 0x0000000633400000| Complete 
| 121|0x0000000633800000, 0x0000000633c00000, 0x0000000633c00000|100%| E|CS|TAMS 0x0000000633800000, 0x0000000633800000| Complete 
| 122|0x0000000633c00000, 0x0000000634000000, 0x0000000634000000|100%| E|CS|TAMS 0x0000000633c00000, 0x0000000633c00000| Complete 

Card table byte_map: [0x0000020b0f000000,0x0000020b0ff60000] _byte_map_base: 0x0000020b0bf56000

Marking Bits (Prev, Next): (CMBitMap*) 0x0000020b7561cf00, (CMBitMap*) 0x0000020b7561cf40
 Prev Bits: [0x0000020b10ec0000, 0x0000020b18970000)
 Next Bits: [0x0000020b18970000, 0x0000020b20420000)

Polling page: 0x0000020b74d20000

Metaspace:

Usage:
  Non-class:     11.89 MB used.
      Class:      2.13 MB used.
       Both:     14.03 MB used.

Virtual space:
  Non-class space:       64.00 MB reserved,      12.00 MB ( 19%) committed,  1 nodes.
      Class space:        1.00 GB reserved,       2.31 MB ( <1%) committed,  1 nodes.
             Both:        1.06 GB reserved,      14.31 MB (  1%) committed. 

Chunk freelists:
   Non-Class:  3.89 MB
       Class:  13.75 MB
        Both:  17.63 MB

MaxMetaspaceSize: unlimited
CompressedClassSpaceSize: 1.00 GB
Initial GC threshold: 21.00 MB
Current GC threshold: 21.00 MB
CDS: on
MetaspaceReclaimPolicy: balanced
 - commit_granule_bytes: 65536.
 - commit_granule_words: 8192.
 - virtual_space_node_default_size: 8388608.
 - enlarge_chunks_in_place: 1.
 - new_chunks_are_fully_committed: 0.
 - uncommit_free_chunks: 1.
 - use_allocation_guard: 0.
 - handle_deallocations: 1.


Internal statistics:

num_allocs_failed_limit: 0.
num_arena_births: 236.
num_arena_deaths: 0.
num_vsnodes_births: 2.
num_vsnodes_deaths: 0.
num_space_committed: 229.
num_space_uncommitted: 0.
num_chunks_returned_to_freelist: 0.
num_chunks_taken_from_freelist: 730.
num_chunk_merges: 0.
num_chunk_splits: 461.
num_chunks_enlarged: 321.
num_inconsistent_stats: 0.

CodeHeap 'non-profiled nmethods': size=119168Kb used=863Kb max_used=863Kb free=118304Kb
 bounds [0x0000020b07ba0000, 0x0000020b07e10000, 0x0000020b0f000000]
CodeHeap 'profiled nmethods': size=119104Kb used=4703Kb max_used=4703Kb free=114400Kb
 bounds [0x0000020b00000000, 0x0000020b004a0000, 0x0000020b07450000]
CodeHeap 'non-nmethods': size=7488Kb used=1272Kb max_used=2989Kb free=6215Kb
 bounds [0x0000020b07450000, 0x0000020b07750000, 0x0000020b07ba0000]
 total_blobs=2757 nmethods=2274 adapters=395
 compilation: enabled
              stopped_count=0, restarted_count=0
 full_count=0

Compilation events (20 events):
Event: 4.519 Thread 0x0000020b7febd800 2268       3       java.lang.invoke.DirectMethodHandle$Constructor::viewAsType (49 bytes)
Event: 4.519 Thread 0x0000020b7febd800 nmethod 2268 0x0000020b00493b10 code [0x0000020b00493cc0, 0x0000020b00493ec8]
Event: 4.521 Thread 0x0000020b7febd800 2269       3       java.util.stream.ReferencePipeline::map (26 bytes)
Event: 4.521 Thread 0x0000020b23256e50 2270       3       java.util.stream.ReferencePipeline$3::<init> (20 bytes)
Event: 4.521 Thread 0x0000020b7febe5f0 2271       3       java.util.stream.ReferencePipeline$3::opWrapSink (10 bytes)
Event: 4.521 Thread 0x0000020b2317bcd0 2272       3       java.util.stream.ReferencePipeline$3$1::<init> (11 bytes)
Event: 4.521 Thread 0x0000020b23256e50 nmethod 2270 0x0000020b00493f90 code [0x0000020b00494140, 0x0000020b00494448]
Event: 4.521 Thread 0x0000020b23256e50 2274       3       java.lang.invoke.Invokers$Holder::linkToTargetMethod (10 bytes)
Event: 4.521 Thread 0x0000020b7febd800 nmethod 2269 0x0000020b00494590 code [0x0000020b00494780, 0x0000020b00494cd8]
Event: 4.521 Thread 0x0000020b7febd800 2275       3       java.lang.invoke.DirectMethodHandle$Holder::newInvokeSpecial (24 bytes)
Event: 4.521 Thread 0x0000020b2317bcd0 nmethod 2272 0x0000020b00494f10 code [0x0000020b004950e0, 0x0000020b00495608]
Event: 4.521 Thread 0x0000020b2317bcd0 2273       3       java.util.stream.Sink$ChainedReference::begin (11 bytes)
Event: 4.521 Thread 0x0000020b7febe5f0 nmethod 2271 0x0000020b00495790 code [0x0000020b00495980, 0x0000020b00495f88]
Event: 4.522 Thread 0x0000020b7febe5f0 2276       3       java.lang.invoke.MethodHandles$Lookup::getDirectConstructor (10 bytes)
Event: 4.522 Thread 0x0000020b23256e50 nmethod 2274 0x0000020b00496190 code [0x0000020b00496340, 0x0000020b004967b8]
Event: 4.522 Thread 0x0000020b2317bcd0 nmethod 2273 0x0000020b00496890 code [0x0000020b00496a40, 0x0000020b00496c28]
Event: 4.522 Thread 0x0000020b7febd800 nmethod 2275 0x0000020b00496d10 code [0x0000020b00496f00, 0x0000020b004976e8]
Event: 4.522 Thread 0x0000020b7febe5f0 nmethod 2276 0x0000020b00497910 code [0x0000020b00497aa0, 0x0000020b00497c08]
Event: 4.522 Thread 0x0000020b2317b220 2279       4       java.lang.StringBuilder::<init> (7 bytes)
Event: 4.523 Thread 0x0000020b2317b220 nmethod 2279 0x0000020b07c77910 code [0x0000020b07c77aa0, 0x0000020b07c77c58]

GC Heap History (4 events):
Event: 0.867 GC heap before
{Heap before GC invocations=0 (full 0):
 garbage-first heap   total 503808K, used 24576K [0x0000000615400000, 0x0000000800000000)
  region size 4096K, 6 young (24576K), 0 survivors (0K)
 Metaspace       used 6328K, committed 6528K, reserved 1114112K
  class space    used 808K, committed 896K, reserved 1048576K
}
Event: 0.870 GC heap after
{Heap after GC invocations=1 (full 0):
 garbage-first heap   total 503808K, used 4458K [0x0000000615400000, 0x0000000800000000)
  region size 4096K, 1 young (4096K), 1 survivors (4096K)
 Metaspace       used 6328K, committed 6528K, reserved 1114112K
  class space    used 808K, committed 896K, reserved 1048576K
}
Event: 1.291 GC heap before
{Heap before GC invocations=1 (full 0):
 garbage-first heap   total 503808K, used 29034K [0x0000000615400000, 0x0000000800000000)
  region size 4096K, 7 young (28672K), 1 survivors (4096K)
 Metaspace       used 11596K, committed 11840K, reserved 1114112K
  class space    used 1721K, committed 1856K, reserved 1048576K
}
Event: 1.297 GC heap after
{Heap after GC invocations=2 (full 0):
 garbage-first heap   total 503808K, used 5853K [0x0000000615400000, 0x0000000800000000)
  region size 4096K, 1 young (4096K), 1 survivors (4096K)
 Metaspace       used 11596K, committed 11840K, reserved 1114112K
  class space    used 1721K, committed 1856K, reserved 1048576K
}

Dll operation events (11 events):
Event: 0.005 Loaded shared library D:\DEV\openjdk-17\bin\java.dll
Event: 0.018 Loaded shared library D:\DEV\openjdk-17\bin\jsvml.dll
Event: 0.195 Loaded shared library D:\DEV\openjdk-17\bin\net.dll
Event: 0.195 Loaded shared library D:\DEV\openjdk-17\bin\nio.dll
Event: 0.197 Loaded shared library D:\DEV\openjdk-17\bin\zip.dll
Event: 0.246 Loaded shared library D:\DEV\openjdk-17\bin\jimage.dll
Event: 0.271 Loaded shared library D:\DEV\openjdk-17\bin\extnet.dll
Event: 0.620 Loaded shared library D:\DEV\openjdk-17\bin\verify.dll
Event: 0.842 Loaded shared library D:\DEV\openjdk-17\bin\instrument.dll
Event: 0.843 Loaded shared library D:\DEV\openjdk-17\bin\zip.dll
Event: 0.844 Loaded shared library D:\DEV\openjdk-17\bin\instrument.dll

Deoptimization events (20 events):
Event: 3.885 Thread 0x0000020b6a7ccda0 DEOPT PACKING pc=0x0000020b00112a84 sp=0x000000cb98afd390
Event: 3.886 Thread 0x0000020b6a7ccda0 DEOPT UNPACKING pc=0x0000020b074aace3 sp=0x000000cb98afc828 mode 1
Event: 3.886 Thread 0x0000020b6a7ccda0 DEOPT PACKING pc=0x0000020b0011135c sp=0x000000cb98afd460
Event: 3.886 Thread 0x0000020b6a7ccda0 DEOPT UNPACKING pc=0x0000020b074aace3 sp=0x000000cb98afc918 mode 1
Event: 3.886 Thread 0x0000020b6a7ccda0 DEOPT PACKING pc=0x0000020b003037f4 sp=0x000000cb98afde40
Event: 3.886 Thread 0x0000020b6a7ccda0 DEOPT UNPACKING pc=0x0000020b074aace3 sp=0x000000cb98afd310 mode 1
Event: 4.524 Thread 0x0000020b69205440 Uncommon trap: trap_request=0xffffff45 fr.pc=0x0000020b07bfbfa8 relative=0x0000000000000128
Event: 4.524 Thread 0x0000020b69205440 Uncommon trap: reason=unstable_if action=reinterpret pc=0x0000020b07bfbfa8 method=java.lang.StringCoding.hasNegatives([BII)Z @ 12 c2
Event: 4.524 Thread 0x0000020b69205440 DEOPT PACKING pc=0x0000020b07bfbfa8 sp=0x000000cb97cfe330
Event: 4.524 Thread 0x0000020b69205440 DEOPT UNPACKING pc=0x0000020b074aa1a3 sp=0x000000cb97cfe2c0 mode 2
Event: 4.524 Thread 0x0000020b69205440 Uncommon trap: trap_request=0xffffff45 fr.pc=0x0000020b07ba6104 relative=0x0000000000000084
Event: 4.524 Thread 0x0000020b69205440 Uncommon trap: reason=unstable_if action=reinterpret pc=0x0000020b07ba6104 method=java.lang.String.charAt(I)C @ 4 c2
Event: 4.524 Thread 0x0000020b69205440 DEOPT PACKING pc=0x0000020b07ba6104 sp=0x000000cb97cfe260
Event: 4.524 Thread 0x0000020b69205440 DEOPT UNPACKING pc=0x0000020b074aa1a3 sp=0x000000cb97cfe210 mode 2
Event: 4.524 Thread 0x0000020b69205440 Uncommon trap: trap_request=0xffffff45 fr.pc=0x0000020b07c653ac relative=0x000000000000020c
Event: 4.524 Thread 0x0000020b69205440 Uncommon trap: reason=unstable_if action=reinterpret pc=0x0000020b07c653ac method=java.lang.StringUTF16.compress([CII)[B @ 13 c2
Event: 4.524 Thread 0x0000020b69205440 DEOPT PACKING pc=0x0000020b07c653ac sp=0x000000cb97cfe320
Event: 4.524 Thread 0x0000020b69205440 DEOPT UNPACKING pc=0x0000020b074aa1a3 sp=0x000000cb97cfe2b8 mode 2
Event: 4.524 Thread 0x0000020b69205440 DEOPT PACKING pc=0x0000020b0008a764 sp=0x000000cb97cff4c0
Event: 4.524 Thread 0x0000020b69205440 DEOPT UNPACKING pc=0x0000020b074aace3 sp=0x000000cb97cfe9e0 mode 1

Classes unloaded (0 events):
No events

Classes redefined (3 events):
Event: 1.386 Thread 0x0000020b7fe90740 redefined class name=java.io.Serializable, count=1
Event: 1.386 Thread 0x0000020b7fe90740 redefined class name=org.neociclo.odetteftp.protocol.OdetteFtpObject, count=1
Event: 1.518 Thread 0x0000020b7fe90740 redefined class name=com.inspien.cepaas.server.OftpServerHelper, count=1

Internal exceptions (20 events):
Event: 0.629 Thread 0x0000020b755723a0 Exception <a 'java/lang/NoSuchMethodError'{0x0000000632b0b7c0}: 'java.lang.Object java.lang.invoke.DirectMethodHandle$Holder.newInvokeSpecial(java.lang.Object, java.lang.Object, long)'> (0x0000000632b0b7c0) 
thrown [s\src\hotspot\share\interpreter\linkResolver.cpp, line 759]
Event: 0.630 Thread 0x0000020b755723a0 Exception <a 'java/lang/NoSuchMethodError'{0x0000000632b10000}: 'java.lang.Object java.lang.invoke.Invokers$Holder.linkToTargetMethod(java.lang.Object, long, java.lang.Object)'> (0x0000000632b10000) 
thrown [s\src\hotspot\share\interpreter\linkResolver.cpp, line 759]
Event: 0.652 Thread 0x0000020b755723a0 Exception <a 'java/lang/NoSuchMethodError'{0x0000000632b372a0}: 'void java.lang.invoke.DirectMethodHandle$Holder.invokeStatic(java.lang.Object, long)'> (0x0000000632b372a0) 
thrown [s\src\hotspot\share\interpreter\linkResolver.cpp, line 759]
Event: 0.653 Thread 0x0000020b755723a0 Exception <a 'java/lang/NoSuchMethodError'{0x0000000632b3d038}: 'java.lang.Object java.lang.invoke.DirectMethodHandle$Holder.newInvokeSpecial(java.lang.Object, long)'> (0x0000000632b3d038) 
thrown [s\src\hotspot\share\interpreter\linkResolver.cpp, line 759]
Event: 1.177 Thread 0x0000020b755723a0 Exception <a 'java/lang/NoSuchMethodError'{0x0000000632dce730}: 'int java.lang.invoke.DirectMethodHandle$Holder.invokeStaticInit(java.lang.Object, java.lang.Object, java.lang.Object, java.lang.Object)'> (0x0000000632dce730) 
thrown [s\src\hotspot\share\interpreter\linkResolver.cpp, line 759]
Event: 1.177 Thread 0x0000020b755723a0 Exception <a 'java/lang/IncompatibleClassChangeError'{0x0000000632dd7e28}: Found class java.lang.Object, but interface was expected> (0x0000000632dd7e28) 
thrown [s\src\hotspot\share\interpreter\linkResolver.cpp, line 826]
Event: 1.178 Thread 0x0000020b755723a0 Exception <a 'java/lang/NoSuchMethodError'{0x0000000632ddb350}: 'void java.lang.invoke.DirectMethodHandle$Holder.invokeStaticInit(java.lang.Object, java.lang.Object)'> (0x0000000632ddb350) 
thrown [s\src\hotspot\share\interpreter\linkResolver.cpp, line 759]
Event: 1.222 Thread 0x0000020b755723a0 Exception <a 'java/lang/ClassNotFoundException'{0x00000006328644a8}: java/lang/ClassLoader$ByteBuddyAccessor$V1> (0x00000006328644a8) 
thrown [s\src\hotspot\share\classfile\systemDictionary.cpp, line 256]
Event: 1.378 Thread 0x0000020b755723a0 Exception <a 'java/lang/NoSuchMethodError'{0x0000000633fdae10}: 'int java.lang.invoke.DirectMethodHandle$Holder.invokeVirtual(java.lang.Object, java.lang.Object, java.lang.Object)'> (0x0000000633fdae10) 
thrown [s\src\hotspot\share\interpreter\linkResolver.cpp, line 759]
Event: 1.379 Thread 0x0000020b755723a0 Implicit null exception at 0x0000020b07c0e29a to 0x0000020b07c0e73c
Event: 1.437 Thread 0x0000020b755723a0 Exception <a 'java/lang/NoSuchMethodError'{0x0000000633b39c88}: 'void java.lang.invoke.DelegatingMethodHandle$Holder.delegate(java.lang.Object, java.lang.Object, int, java.lang.Object)'> (0x0000000633b39c88) 
thrown [s\src\hotspot\share\interpreter\linkResolver.cpp, line 759]
Event: 1.437 Thread 0x0000020b755723a0 Exception <a 'java/lang/NoSuchMethodError'{0x0000000633b42b60}: 'java.lang.Object java.lang.invoke.Invokers$Holder.invokeExact_MT(java.lang.Object, java.lang.Object, java.lang.Object, java.lang.Object)'> (0x0000000633b42b60) 
thrown [s\src\hotspot\share\interpreter\linkResolver.cpp, line 759]
Event: 1.437 Thread 0x0000020b755723a0 Exception <a 'java/lang/NoSuchMethodError'{0x0000000633b46a00}: 'java.lang.Object java.lang.invoke.Invokers$Holder.invoker(java.lang.Object, java.lang.Object, java.lang.Object, java.lang.Object)'> (0x0000000633b46a00) 
thrown [s\src\hotspot\share\interpreter\linkResolver.cpp, line 759]
Event: 1.438 Thread 0x0000020b755723a0 Exception <a 'java/lang/NoSuchMethodError'{0x0000000633b50fc8}: 'int java.lang.invoke.DirectMethodHandle$Holder.invokeSpecial(java.lang.Object, java.lang.Object, java.lang.Object, java.lang.Object)'> (0x0000000633b50fc8) 
thrown [s\src\hotspot\share\interpreter\linkResolver.cpp, line 759]
Event: 1.445 Thread 0x0000020b755723a0 Exception <a 'java/lang/IncompatibleClassChangeError'{0x0000000633bbd7f0}: Found class java.lang.Object, but interface was expected> (0x0000000633bbd7f0) 
thrown [s\src\hotspot\share\interpreter\linkResolver.cpp, line 826]
Event: 1.447 Thread 0x0000020b755723a0 Exception <a 'java/lang/NoSuchMethodError'{0x0000000633472ad0}: 'java.lang.Object java.lang.invoke.DirectMethodHandle$Holder.invokeStatic(java.lang.Object, int, java.lang.Object)'> (0x0000000633472ad0) 
thrown [s\src\hotspot\share\interpreter\linkResolver.cpp, line 759]
Event: 4.498 Thread 0x0000020b755723a0 Exception <a 'java/lang/reflect/InvocationTargetException'{0x00000006331d5b40}> (0x00000006331d5b40) 
thrown [s\src\hotspot\share\runtime\reflection.cpp, line 1121]
Event: 4.507 Thread 0x0000020b755723a0 Exception <a 'sun/nio/fs/WindowsException'{0x0000000633244820}> (0x0000000633244820) 
thrown [s\src\hotspot\share\prims\jni.cpp, line 516]
Event: 4.522 Thread 0x0000020b755723a0 Exception <a 'java/lang/NoSuchMethodError'{0x000000063332c038}: 'void java.lang.invoke.DirectMethodHandle$Holder.invokeVirtual(java.lang.Object, java.lang.Object)'> (0x000000063332c038) 
thrown [s\src\hotspot\share\interpreter\linkResolver.cpp, line 759]
Event: 4.524 Thread 0x0000020b69205440 Exception <a 'java/io/IOException'{0x0000000632c001d8}> (0x0000000632c001d8) 
thrown [s\src\hotspot\share\prims\jni.cpp, line 516]

VM Operations (20 events):
Event: 4.206 Executing VM operation: get/set locals
Event: 4.206 Executing VM operation: get/set locals done
Event: 4.498 Executing VM operation: HandshakeAllThreads
Event: 4.498 Executing VM operation: HandshakeAllThreads done
Event: 4.514 Executing VM operation: HandshakeAllThreads
Event: 4.514 Executing VM operation: HandshakeAllThreads done
Event: 4.529 Executing VM operation: get/set locals
Event: 4.529 Executing VM operation: get/set locals done
Event: 8.263 Executing VM operation: get/set locals
Event: 8.263 Executing VM operation: get/set locals done
Event: 8.263 Executing VM operation: ChangeSingleStep
Event: 8.263 Executing VM operation: ChangeSingleStep done
Event: 8.264 Executing VM operation: ChangeSingleStep
Event: 8.264 Executing VM operation: ChangeSingleStep done
Event: 9.607 Executing VM operation: ChangeSingleStep
Event: 9.607 Executing VM operation: ChangeSingleStep done
Event: 9.608 Executing VM operation: ChangeSingleStep
Event: 9.608 Executing VM operation: ChangeSingleStep done
Event: 12.948 Executing VM operation: ChangeBreakpoints
Event: 12.949 Executing VM operation: ChangeBreakpoints done

Events (20 events):
Event: 4.523 loading class sun/nio/ch/ExtendedSocketOption$1 done
Event: 4.524 loading class java/net/SocketTimeoutException
Event: 4.524 loading class java/io/InterruptedIOException
Event: 4.524 loading class java/io/InterruptedIOException done
Event: 4.524 loading class java/net/SocketTimeoutException done
Event: 4.524 loading class sun/net/ConnectionResetException
Event: 4.524 loading class java/net/SocketException
Event: 4.524 loading class java/net/SocketException done
Event: 4.524 loading class sun/net/ConnectionResetException done
Event: 4.525 Thread 0x0000020b233a2e70 Thread added: 0x0000020b233a2e70
Event: 4.525 Thread 0x0000020b69205440 Thread exited: 0x0000020b69205440
Event: 4.525 Thread 0x0000020b6a5e5fc0 Thread added: 0x0000020b6a5e5fc0
Event: 4.525 loading class java/util/concurrent/locks/AbstractQueuedSynchronizer$ConditionNode
Event: 4.525 loading class java/util/concurrent/locks/AbstractQueuedSynchronizer$Node
Event: 4.525 Thread 0x0000020b233a2e70 Thread exited: 0x0000020b233a2e70
Event: 4.525 loading class java/util/concurrent/locks/AbstractQueuedSynchronizer$Node done
Event: 4.525 loading class java/util/concurrent/locks/AbstractQueuedSynchronizer$ConditionNode done
Event: 9.527 Thread 0x0000020b23256e50 Thread exited: 0x0000020b23256e50
Event: 9.527 Thread 0x0000020b7febe5f0 Thread exited: 0x0000020b7febe5f0
Event: 9.527 Thread 0x0000020b7febd800 Thread exited: 0x0000020b7febd800


Dynamic libraries:
0x00007ff7137a0000 - 0x00007ff7137ae000 	D:\DEV\openjdk-17\bin\java.exe
0x00007ffa6e450000 - 0x00007ffa6e667000 	C:\Windows\SYSTEM32\ntdll.dll
0x00007ffa6c980000 - 0x00007ffa6ca44000 	C:\Windows\System32\KERNEL32.DLL
0x00007ffa6b9e0000 - 0x00007ffa6bd8d000 	C:\Windows\System32\KERNELBASE.dll
0x00007ffa6c070000 - 0x00007ffa6c181000 	C:\Windows\System32\ucrtbase.dll
0x00007ffa5c880000 - 0x00007ffa5c89b000 	D:\DEV\openjdk-17\bin\VCRUNTIME140.dll
0x00007ffa5cc70000 - 0x00007ffa5cc87000 	D:\DEV\openjdk-17\bin\jli.dll
0x00007ffa6d9e0000 - 0x00007ffa6db8e000 	C:\Windows\System32\USER32.dll
0x00007ffa6c040000 - 0x00007ffa6c066000 	C:\Windows\System32\win32u.dll
0x00007ffa3ac90000 - 0x00007ffa3af23000 	C:\Windows\WinSxS\amd64_microsoft.windows.common-controls_6595b64144ccf1df_6.0.22621.3672_none_2713b9d173822955\COMCTL32.dll
0x00007ffa6c740000 - 0x00007ffa6c769000 	C:\Windows\System32\GDI32.dll
0x00007ffa6be80000 - 0x00007ffa6bf99000 	C:\Windows\System32\gdi32full.dll
0x00007ffa6cbc0000 - 0x00007ffa6cc67000 	C:\Windows\System32\msvcrt.dll
0x00007ffa6bfa0000 - 0x00007ffa6c03a000 	C:\Windows\System32\msvcp_win.dll
0x00007ffa6d810000 - 0x00007ffa6d841000 	C:\Windows\System32\IMM32.DLL
0x00007ffa5cd70000 - 0x00007ffa5cd7c000 	D:\DEV\openjdk-17\bin\vcruntime140_1.dll
0x00007ffa5b140000 - 0x00007ffa5b1cd000 	D:\DEV\openjdk-17\bin\msvcp140.dll
0x00007ffa4ff10000 - 0x00007ffa50b72000 	D:\DEV\openjdk-17\bin\server\jvm.dll
0x00007ffa6c660000 - 0x00007ffa6c712000 	C:\Windows\System32\ADVAPI32.dll
0x00007ffa6d860000 - 0x00007ffa6d909000 	C:\Windows\System32\sechost.dll
0x00007ffa6b780000 - 0x00007ffa6b7a8000 	C:\Windows\System32\bcrypt.dll
0x00007ffa6d510000 - 0x00007ffa6d624000 	C:\Windows\System32\RPCRT4.dll
0x00007ffa65760000 - 0x00007ffa65794000 	C:\Windows\SYSTEM32\WINMM.dll
0x00007ffa6a5d0000 - 0x00007ffa6a61d000 	C:\Windows\SYSTEM32\POWRPROF.dll
0x00007ffa4ac70000 - 0x00007ffa4ac79000 	C:\Windows\SYSTEM32\WSOCK32.dll
0x00007ffa6d630000 - 0x00007ffa6d6a1000 	C:\Windows\System32\WS2_32.dll
0x00007ffa61b80000 - 0x00007ffa61b8a000 	C:\Windows\SYSTEM32\VERSION.dll
0x00007ffa6a5b0000 - 0x00007ffa6a5c3000 	C:\Windows\SYSTEM32\UMPDC.dll
0x00007ffa6a800000 - 0x00007ffa6a818000 	C:\Windows\SYSTEM32\kernel.appcore.dll
0x00007ffa5cb60000 - 0x00007ffa5cb6a000 	D:\DEV\openjdk-17\bin\jimage.dll
0x00007ffa69120000 - 0x00007ffa69352000 	C:\Windows\SYSTEM32\DBGHELP.DLL
0x00007ffa6d0f0000 - 0x00007ffa6d478000 	C:\Windows\System32\combase.dll
0x00007ffa6c2a0000 - 0x00007ffa6c377000 	C:\Windows\System32\OLEAUT32.dll
0x00007ffa5e790000 - 0x00007ffa5e7c2000 	C:\Windows\SYSTEM32\dbgcore.DLL
0x00007ffa6be00000 - 0x00007ffa6be7b000 	C:\Windows\System32\bcryptPrimitives.dll
0x00007ffa5c140000 - 0x00007ffa5c17b000 	D:\DEV\openjdk-17\bin\jdwp.dll
0x00007ffa5bdf0000 - 0x00007ffa5be15000 	D:\DEV\openjdk-17\bin\java.dll
0x00007ffa57900000 - 0x00007ffa579d6000 	D:\DEV\openjdk-17\bin\jsvml.dll
0x00007ffa6dbb0000 - 0x00007ffa6e40f000 	C:\Windows\System32\SHELL32.dll
0x00007ffa69690000 - 0x00007ffa69f8c000 	C:\Windows\SYSTEM32\windows.storage.dll
0x00007ffa69550000 - 0x00007ffa6968f000 	C:\Windows\SYSTEM32\wintypes.dll
0x00007ffa6c560000 - 0x00007ffa6c654000 	C:\Windows\System32\SHCORE.dll
0x00007ffa6cb60000 - 0x00007ffa6cbbe000 	C:\Windows\System32\shlwapi.dll
0x00007ffa6b6b0000 - 0x00007ffa6b6d1000 	C:\Windows\SYSTEM32\profapi.dll
0x00007ffa630a0000 - 0x00007ffa630ac000 	D:\DEV\openjdk-17\bin\dt_socket.dll
0x00007ffa6a2a0000 - 0x00007ffa6a2cd000 	C:\Windows\SYSTEM32\IPHLPAPI.DLL
0x00007ffa6acc0000 - 0x00007ffa6ad29000 	C:\Windows\system32\mswsock.dll
0x00007ffa6a2d0000 - 0x00007ffa6a3c8000 	C:\Windows\SYSTEM32\DNSAPI.dll
0x00007ffa6c730000 - 0x00007ffa6c739000 	C:\Windows\System32\NSI.dll
0x00007ffa66230000 - 0x00007ffa6623a000 	C:\Windows\System32\rasadhlp.dll
0x00007ffa66050000 - 0x00007ffa660d3000 	C:\Windows\System32\fwpuclnt.dll
0x00007ffa5c310000 - 0x00007ffa5c329000 	D:\DEV\openjdk-17\bin\net.dll
0x00007ffa672d0000 - 0x00007ffa67406000 	C:\Windows\SYSTEM32\WINHTTP.dll
0x00007ffa5be40000 - 0x00007ffa5be56000 	D:\DEV\openjdk-17\bin\nio.dll
0x00007ffa5c650000 - 0x00007ffa5c668000 	D:\DEV\openjdk-17\bin\zip.dll
0x00007ffa66fa0000 - 0x00007ffa66fb9000 	C:\Windows\SYSTEM32\dhcpcsvc6.DLL
0x00007ffa66f80000 - 0x00007ffa66f9f000 	C:\Windows\SYSTEM32\dhcpcsvc.DLL
0x00007ffa5bde0000 - 0x00007ffa5bde8000 	D:\DEV\openjdk-17\bin\extnet.dll
0x00007ffa6b010000 - 0x00007ffa6b02b000 	C:\Windows\SYSTEM32\CRYPTSP.dll
0x00007ffa6a7c0000 - 0x00007ffa6a7f5000 	C:\Windows\system32\rsaenh.dll
0x00007ffa6ad60000 - 0x00007ffa6ad88000 	C:\Windows\SYSTEM32\USERENV.dll
0x00007ffa6aec0000 - 0x00007ffa6aecc000 	C:\Windows\SYSTEM32\CRYPTBASE.dll
0x00007ffa5c860000 - 0x00007ffa5c870000 	D:\DEV\openjdk-17\bin\verify.dll
0x00007ffa5c870000 - 0x00007ffa5c87e000 	D:\DEV\openjdk-17\bin\instrument.dll

dbghelp: loaded successfully - version: 4.0.5 - missing functions: none
symbol engine: initialized successfully - sym options: 0x614 - pdb path: .;D:\DEV\openjdk-17\bin;C:\Windows\SYSTEM32;C:\Windows\WinSxS\amd64_microsoft.windows.common-controls_6595b64144ccf1df_6.0.22621.3672_none_2713b9d173822955;D:\DEV\openjdk-17\bin\server

VM Arguments:
jvm_args: -Xdebug -Xnoagent -Djava.compiler=NONE -Xrunjdwp:transport=dt_socket,address=localhost:59393,server=n,suspend=y -ea -XX:+ShowCodeDetailsInExceptionMessages -Dfile.encoding=UTF-8 
java_command: org.eclipse.jdt.internal.junit.runner.RemoteTestRunner -version 3 -port 59390 -testLoaderClass org.eclipse.jdt.internal.junit5.runner.JUnit5TestLoader -loaderpluginname org.eclipse.jdt.junit5.runtime -testNameFile C:\Users\c1soj\AppData\Local\Temp\testNames10056572269841115235.txt
java_class_path (initial): d:\DEV\Source\cepass-oftp2-refactoring\cepass-oftp2-core\target\test-classes;d:\DEV\Source\cepass-oftp2-refactoring\cepass-oftp2-core\target\classes;c:\Users\c1soj\.m2\repository\junit\junit\4.11\junit-4.11.jar;c:\Users\c1soj\.m2\repository\org\hamcrest\hamcrest-core\2.2\hamcrest-core-2.2.jar;c:\Users\c1soj\.m2\repository\org\hamcrest\hamcrest\2.2\hamcrest-2.2.jar;c:\Users\c1soj\.m2\repository\org\bouncycastle\bcmail-jdk16\1.46\bcmail-jdk16-1.46.jar;c:\Users\c1soj\.m2\repository\org\bouncycastle\bcprov-jdk16\1.46\bcprov-jdk16-1.46.jar;c:\Users\c1soj\.m2\repository\io\netty\netty-all\4.1.42.Final\netty-all-4.1.42.Final.jar;c:\Users\c1soj\.m2\repository\org\neociclo\accord\odetteftp\oftp-core\1.2.0.RC1\oftp-core-1.2.0.RC1.jar;c:\Users\c1soj\.m2\repository\org\jboss\netty\netty\3.2.2.Final\netty-3.2.2.Final.jar;c:\Users\c1soj\.m2\repository\org\projectlombok\lombok\1.18.34\lombok-1.18.34.jar;c:\Users\c1soj\.m2\repository\org\junit\jupiter\junit-jupiter-api\5.10.0\junit-jupiter-api-5.10.0.jar;c:\Users\c1soj\.m2\repository\org\opentest4j\opentest4j\1.3.0\opentest4j-1.3.0.jar;c:\Users\c1soj\.m2\repository\org\junit\platform\junit-platform-commons\1.10.3\junit-platform-commons-1.10.3.jar;c:\Users\c1soj\.m2\repository\org\apiguardian\apiguardian-api\1.1.2\apiguardian-api-1.1.2.jar;c:\Users\c1soj\.m2\repository\org\junit\jupiter\junit-jupiter-engine\5.10.0\junit-jupiter-engine-5.10.0.jar;c:\Users\c1soj\.m2\repository\org\junit\platform\junit-platform-engine\1.10.3\junit-platform-engine-1.10.3.jar;c:\Users\c1soj\.m2\repository\org\mockito\mockito-core\5.4.0\mockito-core-5.4.0.jar;c:\Users\c1soj\.m2\repository\net\bytebuddy\byte-buddy\1.14.18\byte-buddy-1.14.18.jar;c:\Users\c1soj\.m2\repository\net\bytebuddy\byte-buddy-agent\1.14.18\byte-buddy-agent-1.14.18.jar;c:\Users\c1soj\.m2\repository\org\objenesis\objenesis\3.3\objenesis-3.3.jar;c:\Users\c1soj\.m2\repository\org\mockito\mockito-junit-jupiter\5.4.0\mockito-junit-jupiter-5.4.0.jar;c:\Users\c1s
Launcher Type: SUN_STANDARD

[Global flags]
     intx CICompilerCount                          = 12                                        {product} {ergonomic}
     uint ConcGCThreads                            = 3                                         {product} {ergonomic}
     uint G1ConcRefinementThreads                  = 13                                        {product} {ergonomic}
   size_t G1HeapRegionSize                         = 4194304                                   {product} {ergonomic}
    uintx GCDrainStackTargetSize                   = 64                                        {product} {ergonomic}
   size_t InitialHeapSize                          = 515899392                                 {product} {ergonomic}
   size_t MarkStackSize                            = 4194304                                   {product} {ergonomic}
   size_t MaxHeapSize                              = 8233418752                                {product} {ergonomic}
   size_t MaxNewSize                               = 4936695808                                {product} {ergonomic}
   size_t MinHeapDeltaBytes                        = 4194304                                   {product} {ergonomic}
   size_t MinHeapSize                              = 8388608                                   {product} {ergonomic}
    uintx NonNMethodCodeHeapSize                   = 7602480                                {pd product} {ergonomic}
    uintx NonProfiledCodeHeapSize                  = 122027880                              {pd product} {ergonomic}
    uintx ProfiledCodeHeapSize                     = 122027880                              {pd product} {ergonomic}
    uintx ReservedCodeCacheSize                    = 251658240                              {pd product} {ergonomic}
     bool SegmentedCodeCache                       = true                                      {product} {ergonomic}
     bool ShowCodeDetailsInExceptionMessages       = true                                   {manageable} {command line}
   size_t SoftMaxHeapSize                          = 8233418752                             {manageable} {ergonomic}
     bool UseCompressedClassPointers               = true                           {product lp64_product} {ergonomic}
     bool UseCompressedOops                        = true                           {product lp64_product} {ergonomic}
     bool UseG1GC                                  = true                                      {product} {ergonomic}
     bool UseLargePagesIndividualAllocation        = false                                  {pd product} {ergonomic}

Logging:
Log output configuration:
 #0: stdout all=warning uptime,level,tags
 #1: stderr all=off uptime,level,tags

Environment Variables:
JAVA_HOME=D:\DEV\openjdk-17
PATH=C:\Windows\system32;C:\Windows;C:\Windows\System32\Wbem;C:\Windows\System32\WindowsPowerShell\v1.0\;C:\Windows\System32\OpenSSH\;C:\Program Files\Git\cmd;D:\DEV\apache-maven-3.9.8\bin;C:\Program Files\Docker\Docker\resources\bin;C:\Users\c1soj\AppData\Roaming\nvm;D:\DEV\Node;C:\Users\c1soj\Downloads\nssm-2.24\nssm-2.24\win64;D:\DEV\openjdk-17\bin;C:\Users\c1soj\AppData\Local\Microsoft\WindowsApps;D:\DEV\Microsoft VS Code\bin;C:\Program Files\JetBrains\IntelliJ IDEA Community Edition 2024.1.3\bin;;C:\Users\c1soj\AppData\Roaming\nvm;D:\DEV\Node
USERNAME=c1soj
OS=Windows_NT
PROCESSOR_IDENTIFIER=AMD64 Family 25 Model 116 Stepping 1, AuthenticAMD
TMP=C:\Users\c1soj\AppData\Local\Temp
TEMP=C:\Users\c1soj\AppData\Local\Temp



Periodic native trim disabled


---------------  S Y S T E M  ---------------

OS:
 Windows 11 , 64 bit Build 22621 (10.0.22621.3672)
OS uptime: 2 days 5:01 hours
Hyper-V role detected

CPU: total 16 (initial active 16) (16 cores per cpu, 2 threads per core) family 25 model 116 stepping 1 microcode 0x0, cx8, cmov, fxsr, ht, mmx, 3dnowpref, sse, sse2, sse3, ssse3, sse4a, sse4.1, sse4.2, popcnt, lzcnt, tsc, tscinvbit, avx, avx2, aes, erms, clmul, bmi1, bmi2, adx, avx512f, avx512dq, avx512cd, avx512bw, avx512vl, sha, fma, vzeroupper, avx512_vpopcntdq, avx512_vpclmulqdq, avx512_vaes, avx512_vnni, clflush, clflushopt, avx512_vbmi2, avx512_vbmi, hv
Processor Information for processor 0
  Max Mhz: 3301, Current Mhz: 2646, Mhz Limit: 3301
Processor Information for processor 1
  Max Mhz: 3301, Current Mhz: 2646, Mhz Limit: 3301
Processor Information for processor 2
  Max Mhz: 3301, Current Mhz: 3301, Mhz Limit: 3301
Processor Information for processor 3
  Max Mhz: 3301, Current Mhz: 2646, Mhz Limit: 3301
Processor Information for processor 4
  Max Mhz: 3301, Current Mhz: 2646, Mhz Limit: 3301
Processor Information for processor 5
  Max Mhz: 3301, Current Mhz: 2646, Mhz Limit: 3301
Processor Information for processor 6
  Max Mhz: 3301, Current Mhz: 2646, Mhz Limit: 3301
Processor Information for processor 7
  Max Mhz: 3301, Current Mhz: 2646, Mhz Limit: 3301
Processor Information for processor 8
  Max Mhz: 3301, Current Mhz: 2646, Mhz Limit: 3301
Processor Information for processor 9
  Max Mhz: 3301, Current Mhz: 2646, Mhz Limit: 3301
Processor Information for processor 10
  Max Mhz: 3301, Current Mhz: 2646, Mhz Limit: 3301
Processor Information for processor 11
  Max Mhz: 3301, Current Mhz: 3301, Mhz Limit: 3301
Processor Information for processor 12
  Max Mhz: 3301, Current Mhz: 2646, Mhz Limit: 3301
Processor Information for processor 13
  Max Mhz: 3301, Current Mhz: 3301, Mhz Limit: 3301
Processor Information for processor 14
  Max Mhz: 3301, Current Mhz: 2646, Mhz Limit: 3301
Processor Information for processor 15
  Max Mhz: 3301, Current Mhz: 3301, Mhz Limit: 3301

Memory: 4k page, system-wide physical 31401M (12887M free)
TotalPageFile size 41129M (AvailPageFile size 10416M)
current process WorkingSet (physical memory assigned to process): 102M, peak: 121M
current process commit charge ("private bytes"): 628M, peak: 648M

vm_info: OpenJDK 64-Bit Server VM (17.0.11+9-adhoc..jdk17u) for windows-amd64 JRE (17.0.11+9-adhoc..jdk17u), built on Apr 19 2024 08:33:45 by "" with MS VC++ 16.10 / 16.11 (VS2019)

END.
